-- The C compiler identification is GNU 9.4.0
-- The CXX compiler identification is GNU 9.4.0
-- Check for working C compiler: /usr/bin/cc
-- Check for working C compiler: /usr/bin/cc -- works
-- Detecting C compiler ABI info
-- Detecting C compiler ABI info - done
-- Detecting C compile features
-- Detecting C compile features - done
-- Check for working CXX compiler: /usr/bin/c++
-- Check for working CXX compiler: /usr/bin/c++ -- works
-- Detecting CXX compiler ABI info
-- Detecting CXX compiler ABI info - done
-- Detecting CXX compile features
-- Detecting CXX compile features - done
-- Found ament_cmake: 0.9.9 (/opt/ros/foxy/share/ament_cmake/cmake)
-- Found PythonInterp: /usr/bin/python3 (found suitable version "3.8.10", minimum required is "3") 
-- Using PYTHON_EXECUTABLE: /usr/bin/python3
-- Found rosidl_default_generators: 1.0.1 (/opt/ros/foxy/share/rosidl_default_generators/cmake)
-- Using all available rosidl_typesupport_c: rosidl_typesupport_fastrtps_c;rosidl_typesupport_introspection_c
-- Found rosidl_adapter: 1.2.1 (/opt/ros/foxy/share/rosidl_adapter/cmake)
-- Found OpenSSL: /usr/lib/aarch64-linux-gnu/libcrypto.so (found version "1.1.1f")  
-- Found FastRTPS: /opt/ros/foxy/include  
-- Using all available rosidl_typesupport_cpp: rosidl_typesupport_fastrtps_cpp;rosidl_typesupport_introspection_cpp
-- Found std_msgs: 2.0.5 (/opt/ros/foxy/share/std_msgs/cmake)
-- Found PythonInterp: /usr/bin/python3 (found version "3.8.10") 
-- Found ament_cmake_ros: 0.9.2 (/opt/ros/foxy/share/ament_cmake_ros/cmake)
-- Using all available rosidl_typesupport_c: rosidl_typesupport_fastrtps_c;rosidl_typesupport_introspection_c
-- Using all available rosidl_typesupport_cpp: rosidl_typesupport_fastrtps_cpp;rosidl_typesupport_introspection_cpp
-- Found PythonInterp: /usr/bin/python3 (found suitable version "3.8.10", minimum required is "3.5") 
-- Found python_cmake_module: 0.8.1 (/opt/ros/foxy/share/python_cmake_module/cmake)
-- Found PythonLibs: /usr/lib/aarch64-linux-gnu/libpython3.8.so (found suitable version "3.8.10", minimum required is "3.5") 
-- Using PYTHON_EXECUTABLE: /usr/bin/python3
-- Using PYTHON_INCLUDE_DIRS: /usr/include/python3.8
-- Using PYTHON_LIBRARIES: /usr/lib/aarch64-linux-gnu/libpython3.8.so
-- Found PythonExtra: .so  
-- Configuring done
-- Generating done
-- Build files have been written to: /home/diablo/catkin_ws/build/motion_msgs
[35m[1mScanning dependencies of target motion_msgs__cpp[0m
[  2%] [34m[1mGenerating C code for ROS interfaces[0m
[  5%] [34m[1mGenerating C++ code for ROS interfaces[0m
[35m[1mScanning dependencies of target motion_msgs__rosidl_generator_c[0m
[  5%] Built target motion_msgs__cpp
[  7%] [32mBuilding C object CMakeFiles/motion_msgs__rosidl_generator_c.dir/rosidl_generator_c/motion_msgs/msg/detail/leg_motors__functions.c.o[0m
[ 10%] [32mBuilding C object CMakeFiles/motion_msgs__rosidl_generator_c.dir/rosidl_generator_c/motion_msgs/msg/detail/motion_ctrl__functions.c.o[0m
[ 12%] [34m[1mGenerating C++ type support dispatch for ROS interfaces[0m
[ 15%] [34m[1mGenerating C++ type support for eProsima Fast-RTPS[0m
[ 17%] [34m[1mGenerating C++ introspection for ROS interfaces[0m
[ 20%] [32m[1mLinking C shared library libmotion_msgs__rosidl_generator_c.so[0m
[ 20%] Built target motion_msgs__rosidl_generator_c
[ 23%] [34m[1mGenerating C introspection for ROS interfaces[0m
[35m[1mScanning dependencies of target motion_msgs__rosidl_typesupport_cpp[0m
[ 25%] [32mBuilding CXX object CMakeFiles/motion_msgs__rosidl_typesupport_cpp.dir/rosidl_typesupport_cpp/motion_msgs/msg/leg_motors__type_support.cpp.o[0m
[35m[1mScanning dependencies of target motion_msgs__rosidl_typesupport_introspection_cpp[0m
[35m[1mScanning dependencies of target motion_msgs__rosidl_typesupport_fastrtps_cpp[0m
[ 28%] [32mBuilding CXX object CMakeFiles/motion_msgs__rosidl_typesupport_introspection_cpp.dir/rosidl_typesupport_introspection_cpp/motion_msgs/msg/detail/leg_motors__type_support.cpp.o[0m
[ 30%] [32mBuilding CXX object CMakeFiles/motion_msgs__rosidl_typesupport_fastrtps_cpp.dir/rosidl_typesupport_fastrtps_cpp/motion_msgs/msg/detail/dds_fastrtps/leg_motors__type_support.cpp.o[0m
[35m[1mScanning dependencies of target motion_msgs__rosidl_typesupport_introspection_c[0m
[ 33%] [32mBuilding C object CMakeFiles/motion_msgs__rosidl_typesupport_introspection_c.dir/rosidl_typesupport_introspection_c/motion_msgs/msg/detail/leg_motors__type_support.c.o[0m
[ 35%] [32mBuilding C object CMakeFiles/motion_msgs__rosidl_typesupport_introspection_c.dir/rosidl_typesupport_introspection_c/motion_msgs/msg/detail/motion_ctrl__type_support.c.o[0m
[ 38%] [32m[1mLinking C shared library libmotion_msgs__rosidl_typesupport_introspection_c.so[0m
[ 38%] Built target motion_msgs__rosidl_typesupport_introspection_c
[ 41%] [34m[1mGenerating C type support dispatch for ROS interfaces[0m
[ 43%] [32mBuilding CXX object CMakeFiles/motion_msgs__rosidl_typesupport_cpp.dir/rosidl_typesupport_cpp/motion_msgs/msg/motion_ctrl__type_support.cpp.o[0m
[ 46%] [32mBuilding CXX object CMakeFiles/motion_msgs__rosidl_typesupport_introspection_cpp.dir/rosidl_typesupport_introspection_cpp/motion_msgs/msg/detail/motion_ctrl__type_support.cpp.o[0m
[35m[1mScanning dependencies of target motion_msgs__rosidl_typesupport_c[0m
[ 48%] [32mBuilding CXX object CMakeFiles/motion_msgs__rosidl_typesupport_fastrtps_cpp.dir/rosidl_typesupport_fastrtps_cpp/motion_msgs/msg/detail/dds_fastrtps/motion_ctrl__type_support.cpp.o[0m
[ 51%] [32mBuilding CXX object CMakeFiles/motion_msgs__rosidl_typesupport_c.dir/rosidl_typesupport_c/motion_msgs/msg/leg_motors__type_support.cpp.o[0m
[ 53%] [32m[1mLinking CXX shared library libmotion_msgs__rosidl_typesupport_cpp.so[0m
[ 56%] [32mBuilding CXX object CMakeFiles/motion_msgs__rosidl_typesupport_c.dir/rosidl_typesupport_c/motion_msgs/msg/motion_ctrl__type_support.cpp.o[0m
[ 58%] [32m[1mLinking CXX shared library libmotion_msgs__rosidl_typesupport_introspection_cpp.so[0m
[ 58%] Built target motion_msgs__rosidl_typesupport_cpp
[ 61%] [32m[1mLinking CXX shared library libmotion_msgs__rosidl_typesupport_c.so[0m
[ 61%] Built target motion_msgs__rosidl_typesupport_introspection_cpp
[ 61%] Built target motion_msgs__rosidl_typesupport_c
[ 64%] [32m[1mLinking CXX shared library libmotion_msgs__rosidl_typesupport_fastrtps_cpp.so[0m
[ 64%] Built target motion_msgs__rosidl_typesupport_fastrtps_cpp
[ 66%] [34m[1mGenerating C type support for eProsima Fast-RTPS[0m
[35m[1mScanning dependencies of target motion_msgs__rosidl_typesupport_fastrtps_c[0m
[ 69%] [32mBuilding CXX object CMakeFiles/motion_msgs__rosidl_typesupport_fastrtps_c.dir/rosidl_typesupport_fastrtps_c/motion_msgs/msg/detail/motion_ctrl__type_support_c.cpp.o[0m
[ 71%] [32mBuilding CXX object CMakeFiles/motion_msgs__rosidl_typesupport_fastrtps_c.dir/rosidl_typesupport_fastrtps_c/motion_msgs/msg/detail/leg_motors__type_support_c.cpp.o[0m
[ 74%] [32m[1mLinking CXX shared library libmotion_msgs__rosidl_typesupport_fastrtps_c.so[0m
[ 74%] Built target motion_msgs__rosidl_typesupport_fastrtps_c
[35m[1mScanning dependencies of target motion_msgs[0m
[ 74%] Built target motion_msgs
[35m[1mScanning dependencies of target motion_msgs__py[0m
[ 76%] [34m[1mGenerating Python code for ROS interfaces[0m
[ 76%] Built target motion_msgs__py
[35m[1mScanning dependencies of target motion_msgs__python[0m
[ 82%] [32mBuilding C object CMakeFiles/motion_msgs__python.dir/rosidl_generator_py/motion_msgs/msg/_motion_ctrl_s.c.o[0m
[ 82%] [32mBuilding C object CMakeFiles/motion_msgs__python.dir/rosidl_generator_py/motion_msgs/msg/_leg_motors_s.c.o[0m
[ 84%] [32m[1mLinking C shared library rosidl_generator_py/motion_msgs/libmotion_msgs__python.so[0m
[ 84%] Built target motion_msgs__python
[35m[1mScanning dependencies of target motion_msgs__rosidl_typesupport_introspection_c__pyext[0m
[35m[1mScanning dependencies of target motion_msgs__rosidl_typesupport_c__pyext[0m
[35m[1mScanning dependencies of target motion_msgs__rosidl_typesupport_fastrtps_c__pyext[0m
[ 87%] [32mBuilding C object CMakeFiles/motion_msgs__rosidl_typesupport_c__pyext.dir/rosidl_generator_py/motion_msgs/_motion_msgs_s.ep.rosidl_typesupport_c.c.o[0m
[ 89%] [32mBuilding C object CMakeFiles/motion_msgs__rosidl_typesupport_introspection_c__pyext.dir/rosidl_generator_py/motion_msgs/_motion_msgs_s.ep.rosidl_typesupport_introspection_c.c.o[0m
[ 92%] [32mBuilding C object CMakeFiles/motion_msgs__rosidl_typesupport_fastrtps_c__pyext.dir/rosidl_generator_py/motion_msgs/_motion_msgs_s.ep.rosidl_typesupport_fastrtps_c.c.o[0m
[ 94%] [32m[1mLinking C shared library rosidl_generator_py/motion_msgs/motion_msgs_s__rosidl_typesupport_introspection_c.cpython-38-aarch64-linux-gnu.so[0m
[ 97%] [32m[1mLinking C shared library rosidl_generator_py/motion_msgs/motion_msgs_s__rosidl_typesupport_c.cpython-38-aarch64-linux-gnu.so[0m
[100%] [32m[1mLinking CXX shared library rosidl_generator_py/motion_msgs/motion_msgs_s__rosidl_typesupport_fastrtps_c.cpython-38-aarch64-linux-gnu.so[0m
[100%] Built target motion_msgs__rosidl_typesupport_introspection_c__pyext
[100%] Built target motion_msgs__rosidl_typesupport_c__pyext
[100%] Built target motion_msgs__rosidl_typesupport_fastrtps_c__pyext
-- Install configuration: ""
-- Installing: /home/diablo/catkin_ws/install/motion_msgs/share/ament_index/resource_index/rosidl_interfaces/motion_msgs
-- Installing: /home/diablo/catkin_ws/install/motion_msgs/include/motion_msgs
-- Installing: /home/diablo/catkin_ws/install/motion_msgs/include/motion_msgs/msg
-- Installing: /home/diablo/catkin_ws/install/motion_msgs/include/motion_msgs/msg/motion_ctrl.h
-- Installing: /home/diablo/catkin_ws/install/motion_msgs/include/motion_msgs/msg/rosidl_generator_c__visibility_control.h
-- Installing: /home/diablo/catkin_ws/install/motion_msgs/include/motion_msgs/msg/leg_motors.h
-- Installing: /home/diablo/catkin_ws/install/motion_msgs/include/motion_msgs/msg/detail
-- Installing: /home/diablo/catkin_ws/install/motion_msgs/include/motion_msgs/msg/detail/motion_ctrl__functions.h
-- Installing: /home/diablo/catkin_ws/install/motion_msgs/include/motion_msgs/msg/detail/motion_ctrl__type_support.h
-- Installing: /home/diablo/catkin_ws/install/motion_msgs/include/motion_msgs/msg/detail/motion_ctrl__struct.h
-- Installing: /home/diablo/catkin_ws/install/motion_msgs/include/motion_msgs/msg/detail/motion_ctrl__functions.c
-- Installing: /home/diablo/catkin_ws/install/motion_msgs/include/motion_msgs/msg/detail/leg_motors__type_support.h
-- Installing: /home/diablo/catkin_ws/install/motion_msgs/include/motion_msgs/msg/detail/leg_motors__struct.h
-- Installing: /home/diablo/catkin_ws/install/motion_msgs/include/motion_msgs/msg/detail/leg_motors__functions.c
-- Installing: /home/diablo/catkin_ws/install/motion_msgs/include/motion_msgs/msg/detail/leg_motors__functions.h
-- Installing: /home/diablo/catkin_ws/install/motion_msgs/share/motion_msgs/environment/library_path.sh
-- Installing: /home/diablo/catkin_ws/install/motion_msgs/share/motion_msgs/environment/library_path.dsv
-- Installing: /home/diablo/catkin_ws/install/motion_msgs/lib/libmotion_msgs__rosidl_generator_c.so
-- Set runtime path of "/home/diablo/catkin_ws/install/motion_msgs/lib/libmotion_msgs__rosidl_generator_c.so" to ""
-- Up-to-date: /home/diablo/catkin_ws/install/motion_msgs/include/motion_msgs
-- Up-to-date: /home/diablo/catkin_ws/install/motion_msgs/include/motion_msgs/msg
-- Installing: /home/diablo/catkin_ws/install/motion_msgs/include/motion_msgs/msg/rosidl_typesupport_fastrtps_c__visibility_control.h
-- Up-to-date: /home/diablo/catkin_ws/install/motion_msgs/include/motion_msgs/msg/detail
-- Installing: /home/diablo/catkin_ws/install/motion_msgs/include/motion_msgs/msg/detail/motion_ctrl__rosidl_typesupport_fastrtps_c.h
-- Installing: /home/diablo/catkin_ws/install/motion_msgs/include/motion_msgs/msg/detail/leg_motors__rosidl_typesupport_fastrtps_c.h
-- Installing: /home/diablo/catkin_ws/install/motion_msgs/lib/libmotion_msgs__rosidl_typesupport_fastrtps_c.so
-- Set runtime path of "/home/diablo/catkin_ws/install/motion_msgs/lib/libmotion_msgs__rosidl_typesupport_fastrtps_c.so" to ""
-- Up-to-date: /home/diablo/catkin_ws/install/motion_msgs/include/motion_msgs
-- Up-to-date: /home/diablo/catkin_ws/install/motion_msgs/include/motion_msgs/msg
-- Installing: /home/diablo/catkin_ws/install/motion_msgs/include/motion_msgs/msg/rosidl_typesupport_fastrtps_cpp__visibility_control.h
-- Up-to-date: /home/diablo/catkin_ws/install/motion_msgs/include/motion_msgs/msg/detail
-- Installing: /home/diablo/catkin_ws/install/motion_msgs/include/motion_msgs/msg/detail/leg_motors__rosidl_typesupport_fastrtps_cpp.hpp
-- Installing: /home/diablo/catkin_ws/install/motion_msgs/include/motion_msgs/msg/detail/motion_ctrl__rosidl_typesupport_fastrtps_cpp.hpp
-- Installing: /home/diablo/catkin_ws/install/motion_msgs/include/motion_msgs/msg/detail/dds_fastrtps
-- Installing: /home/diablo/catkin_ws/install/motion_msgs/lib/libmotion_msgs__rosidl_typesupport_fastrtps_cpp.so
-- Set runtime path of "/home/diablo/catkin_ws/install/motion_msgs/lib/libmotion_msgs__rosidl_typesupport_fastrtps_cpp.so" to ""
-- Up-to-date: /home/diablo/catkin_ws/install/motion_msgs/include/motion_msgs
-- Up-to-date: /home/diablo/catkin_ws/install/motion_msgs/include/motion_msgs/msg
-- Installing: /home/diablo/catkin_ws/install/motion_msgs/include/motion_msgs/msg/rosidl_typesupport_introspection_c__visibility_control.h
-- Up-to-date: /home/diablo/catkin_ws/install/motion_msgs/include/motion_msgs/msg/detail
-- Installing: /home/diablo/catkin_ws/install/motion_msgs/include/motion_msgs/msg/detail/motion_ctrl__rosidl_typesupport_introspection_c.h
-- Installing: /home/diablo/catkin_ws/install/motion_msgs/include/motion_msgs/msg/detail/leg_motors__rosidl_typesupport_introspection_c.h
-- Installing: /home/diablo/catkin_ws/install/motion_msgs/include/motion_msgs/msg/detail/leg_motors__type_support.c
-- Installing: /home/diablo/catkin_ws/install/motion_msgs/include/motion_msgs/msg/detail/motion_ctrl__type_support.c
-- Installing: /home/diablo/catkin_ws/install/motion_msgs/lib/libmotion_msgs__rosidl_typesupport_introspection_c.so
-- Set runtime path of "/home/diablo/catkin_ws/install/motion_msgs/lib/libmotion_msgs__rosidl_typesupport_introspection_c.so" to ""
-- Installing: /home/diablo/catkin_ws/install/motion_msgs/lib/libmotion_msgs__rosidl_typesupport_c.so
-- Set runtime path of "/home/diablo/catkin_ws/install/motion_msgs/lib/libmotion_msgs__rosidl_typesupport_c.so" to ""
-- Up-to-date: /home/diablo/catkin_ws/install/motion_msgs/include/motion_msgs
-- Up-to-date: /home/diablo/catkin_ws/install/motion_msgs/include/motion_msgs/msg
-- Installing: /home/diablo/catkin_ws/install/motion_msgs/include/motion_msgs/msg/motion_ctrl.hpp
-- Installing: /home/diablo/catkin_ws/install/motion_msgs/include/motion_msgs/msg/leg_motors.hpp
-- Up-to-date: /home/diablo/catkin_ws/install/motion_msgs/include/motion_msgs/msg/detail
-- Installing: /home/diablo/catkin_ws/install/motion_msgs/include/motion_msgs/msg/detail/leg_motors__traits.hpp
-- Installing: /home/diablo/catkin_ws/install/motion_msgs/include/motion_msgs/msg/detail/motion_ctrl__builder.hpp
-- Installing: /home/diablo/catkin_ws/install/motion_msgs/include/motion_msgs/msg/detail/leg_motors__struct.hpp
-- Installing: /home/diablo/catkin_ws/install/motion_msgs/include/motion_msgs/msg/detail/leg_motors__builder.hpp
-- Installing: /home/diablo/catkin_ws/install/motion_msgs/include/motion_msgs/msg/detail/motion_ctrl__traits.hpp
-- Installing: /home/diablo/catkin_ws/install/motion_msgs/include/motion_msgs/msg/detail/motion_ctrl__struct.hpp
-- Up-to-date: /home/diablo/catkin_ws/install/motion_msgs/include/motion_msgs
-- Up-to-date: /home/diablo/catkin_ws/install/motion_msgs/include/motion_msgs/msg
-- Up-to-date: /home/diablo/catkin_ws/install/motion_msgs/include/motion_msgs/msg/detail
-- Installing: /home/diablo/catkin_ws/install/motion_msgs/include/motion_msgs/msg/detail/motion_ctrl__type_support.cpp
-- Installing: /home/diablo/catkin_ws/install/motion_msgs/include/motion_msgs/msg/detail/motion_ctrl__rosidl_typesupport_introspection_cpp.hpp
-- Installing: /home/diablo/catkin_ws/install/motion_msgs/include/motion_msgs/msg/detail/leg_motors__type_support.cpp
-- Installing: /home/diablo/catkin_ws/install/motion_msgs/include/motion_msgs/msg/detail/leg_motors__rosidl_typesupport_introspection_cpp.hpp
-- Installing: /home/diablo/catkin_ws/install/motion_msgs/lib/libmotion_msgs__rosidl_typesupport_introspection_cpp.so
-- Set runtime path of "/home/diablo/catkin_ws/install/motion_msgs/lib/libmotion_msgs__rosidl_typesupport_introspection_cpp.so" to ""
-- Installing: /home/diablo/catkin_ws/install/motion_msgs/lib/libmotion_msgs__rosidl_typesupport_cpp.so
-- Set runtime path of "/home/diablo/catkin_ws/install/motion_msgs/lib/libmotion_msgs__rosidl_typesupport_cpp.so" to ""
-- Installing: /home/diablo/catkin_ws/install/motion_msgs/share/motion_msgs/environment/pythonpath.sh
-- Installing: /home/diablo/catkin_ws/install/motion_msgs/share/motion_msgs/environment/pythonpath.dsv
-- Installing: /home/diablo/catkin_ws/install/motion_msgs/lib/python3.8/site-packages/motion_msgs/__init__.py
Compiling '/home/diablo/catkin_ws/install/motion_msgs/lib/python3.8/site-packages/motion_msgs/__init__.py'...
-- Installing: /home/diablo/catkin_ws/install/motion_msgs/lib/python3.8/site-packages/motion_msgs/msg
-- Installing: /home/diablo/catkin_ws/install/motion_msgs/lib/python3.8/site-packages/motion_msgs/msg/_motion_ctrl_s.c
-- Installing: /home/diablo/catkin_ws/install/motion_msgs/lib/python3.8/site-packages/motion_msgs/msg/__init__.py
-- Installing: /home/diablo/catkin_ws/install/motion_msgs/lib/python3.8/site-packages/motion_msgs/msg/_motion_ctrl.py
-- Installing: /home/diablo/catkin_ws/install/motion_msgs/lib/python3.8/site-packages/motion_msgs/msg/_leg_motors.py
-- Installing: /home/diablo/catkin_ws/install/motion_msgs/lib/python3.8/site-packages/motion_msgs/msg/_leg_motors_s.c
-- Installing: /home/diablo/catkin_ws/install/motion_msgs/lib/python3.8/site-packages/motion_msgs/motion_msgs_s__rosidl_typesupport_fastrtps_c.cpython-38-aarch64-linux-gnu.so
-- Set runtime path of "/home/diablo/catkin_ws/install/motion_msgs/lib/python3.8/site-packages/motion_msgs/motion_msgs_s__rosidl_typesupport_fastrtps_c.cpython-38-aarch64-linux-gnu.so" to ""
-- Installing: /home/diablo/catkin_ws/install/motion_msgs/lib/python3.8/site-packages/motion_msgs/motion_msgs_s__rosidl_typesupport_introspection_c.cpython-38-aarch64-linux-gnu.so
-- Set runtime path of "/home/diablo/catkin_ws/install/motion_msgs/lib/python3.8/site-packages/motion_msgs/motion_msgs_s__rosidl_typesupport_introspection_c.cpython-38-aarch64-linux-gnu.so" to ""
-- Installing: /home/diablo/catkin_ws/install/motion_msgs/lib/python3.8/site-packages/motion_msgs/motion_msgs_s__rosidl_typesupport_c.cpython-38-aarch64-linux-gnu.so
-- Set runtime path of "/home/diablo/catkin_ws/install/motion_msgs/lib/python3.8/site-packages/motion_msgs/motion_msgs_s__rosidl_typesupport_c.cpython-38-aarch64-linux-gnu.so" to ""
-- Installing: /home/diablo/catkin_ws/install/motion_msgs/lib/libmotion_msgs__python.so
-- Set runtime path of "/home/diablo/catkin_ws/install/motion_msgs/lib/libmotion_msgs__python.so" to ""
-- Installing: /home/diablo/catkin_ws/install/motion_msgs/share/motion_msgs/msg/LegMotors.idl
-- Installing: /home/diablo/catkin_ws/install/motion_msgs/share/motion_msgs/msg/MotionCtrl.idl
-- Installing: /home/diablo/catkin_ws/install/motion_msgs/share/motion_msgs/msg/LegMotors.msg
-- Installing: /home/diablo/catkin_ws/install/motion_msgs/share/motion_msgs/msg/MotionCtrl.msg
-- Installing: /home/diablo/catkin_ws/install/motion_msgs/share/ament_index/resource_index/package_run_dependencies/motion_msgs
-- Installing: /home/diablo/catkin_ws/install/motion_msgs/share/ament_index/resource_index/parent_prefix_path/motion_msgs
-- Installing: /home/diablo/catkin_ws/install/motion_msgs/share/motion_msgs/environment/ament_prefix_path.sh
-- Installing: /home/diablo/catkin_ws/install/motion_msgs/share/motion_msgs/environment/ament_prefix_path.dsv
-- Installing: /home/diablo/catkin_ws/install/motion_msgs/share/motion_msgs/environment/path.sh
-- Installing: /home/diablo/catkin_ws/install/motion_msgs/share/motion_msgs/environment/path.dsv
-- Installing: /home/diablo/catkin_ws/install/motion_msgs/share/motion_msgs/local_setup.bash
-- Installing: /home/diablo/catkin_ws/install/motion_msgs/share/motion_msgs/local_setup.sh
-- Installing: /home/diablo/catkin_ws/install/motion_msgs/share/motion_msgs/local_setup.zsh
-- Installing: /home/diablo/catkin_ws/install/motion_msgs/share/motion_msgs/local_setup.dsv
-- Installing: /home/diablo/catkin_ws/install/motion_msgs/share/motion_msgs/package.dsv
-- Installing: /home/diablo/catkin_ws/install/motion_msgs/share/ament_index/resource_index/packages/motion_msgs
-- Installing: /home/diablo/catkin_ws/install/motion_msgs/share/motion_msgs/cmake/motion_msgs__rosidl_generator_cExport.cmake
-- Installing: /home/diablo/catkin_ws/install/motion_msgs/share/motion_msgs/cmake/motion_msgs__rosidl_generator_cExport-noconfig.cmake
-- Installing: /home/diablo/catkin_ws/install/motion_msgs/share/motion_msgs/cmake/motion_msgs__rosidl_typesupport_introspection_cExport.cmake
-- Installing: /home/diablo/catkin_ws/install/motion_msgs/share/motion_msgs/cmake/motion_msgs__rosidl_typesupport_introspection_cExport-noconfig.cmake
-- Installing: /home/diablo/catkin_ws/install/motion_msgs/share/motion_msgs/cmake/motion_msgs__rosidl_typesupport_cExport.cmake
-- Installing: /home/diablo/catkin_ws/install/motion_msgs/share/motion_msgs/cmake/motion_msgs__rosidl_typesupport_cExport-noconfig.cmake
-- Installing: /home/diablo/catkin_ws/install/motion_msgs/share/motion_msgs/cmake/motion_msgs__rosidl_generator_cppExport.cmake
-- Installing: /home/diablo/catkin_ws/install/motion_msgs/share/motion_msgs/cmake/motion_msgs__rosidl_typesupport_introspection_cppExport.cmake
-- Installing: /home/diablo/catkin_ws/install/motion_msgs/share/motion_msgs/cmake/motion_msgs__rosidl_typesupport_introspection_cppExport-noconfig.cmake
-- Installing: /home/diablo/catkin_ws/install/motion_msgs/share/motion_msgs/cmake/motion_msgs__rosidl_typesupport_cppExport.cmake
-- Installing: /home/diablo/catkin_ws/install/motion_msgs/share/motion_msgs/cmake/motion_msgs__rosidl_typesupport_cppExport-noconfig.cmake
-- Installing: /home/diablo/catkin_ws/install/motion_msgs/share/motion_msgs/cmake/rosidl_cmake-extras.cmake
-- Installing: /home/diablo/catkin_ws/install/motion_msgs/share/motion_msgs/cmake/ament_cmake_export_dependencies-extras.cmake
-- Installing: /home/diablo/catkin_ws/install/motion_msgs/share/motion_msgs/cmake/ament_cmake_export_libraries-extras.cmake
-- Installing: /home/diablo/catkin_ws/install/motion_msgs/share/motion_msgs/cmake/ament_cmake_export_targets-extras.cmake
-- Installing: /home/diablo/catkin_ws/install/motion_msgs/share/motion_msgs/cmake/ament_cmake_export_include_directories-extras.cmake
-- Installing: /home/diablo/catkin_ws/install/motion_msgs/share/motion_msgs/cmake/rosidl_cmake_export_typesupport_libraries-extras.cmake
-- Installing: /home/diablo/catkin_ws/install/motion_msgs/share/motion_msgs/cmake/rosidl_cmake_export_typesupport_targets-extras.cmake
-- Installing: /home/diablo/catkin_ws/install/motion_msgs/share/motion_msgs/cmake/motion_msgsConfig.cmake
-- Installing: /home/diablo/catkin_ws/install/motion_msgs/share/motion_msgs/cmake/motion_msgsConfig-version.cmake
-- Installing: /home/diablo/catkin_ws/install/motion_msgs/share/motion_msgs/package.xml
