[0.110s] Invoking command in '/home/diablo/catkin_ws/build/motion_msgs': CMAKE_PREFIX_PATH=/opt/ros/foxy /usr/bin/cmake /home/diablo/catkin_ws/src/diablo_sdk_v2/diablo_interfaces/motion_msgs -DCMAKE_INSTALL_PREFIX=/home/diablo/catkin_ws/install/motion_msgs
[1.189s] -- The C compiler identification is GNU 9.4.0
[1.958s] -- The CXX compiler identification is GNU 9.4.0
[1.994s] -- Check for working C compiler: /usr/bin/cc
[2.390s] -- Check for working C compiler: /usr/bin/cc -- works
[2.396s] -- Detecting C compiler ABI info
[2.736s] -- Detecting C compiler ABI info - done
[2.780s] -- Detecting C compile features
[2.782s] -- Detecting C compile features - done
[2.797s] -- Check for working CXX compiler: /usr/bin/c++
[3.157s] -- Check for working CXX compiler: /usr/bin/c++ -- works
[3.163s] -- Detecting CXX compiler ABI info
[3.560s] -- Detecting CXX compiler ABI info - done
[3.613s] -- Detecting CXX compile features
[3.616s] -- Detecting CXX compile features - done
[3.660s] -- Found ament_cmake: 0.9.9 (/opt/ros/foxy/share/ament_cmake/cmake)
[3.837s] -- Found PythonInterp: /usr/bin/python3 (found suitable version "3.8.10", minimum required is "3") 
[3.837s] -- Using PYTHON_EXECUTABLE: /usr/bin/python3
[5.332s] -- Found rosidl_default_generators: 1.0.1 (/opt/ros/foxy/share/rosidl_default_generators/cmake)
[5.366s] -- Using all available rosidl_typesupport_c: rosidl_typesupport_fastrtps_c;rosidl_typesupport_introspection_c
[5.439s] -- Found rosidl_adapter: 1.2.1 (/opt/ros/foxy/share/rosidl_adapter/cmake)
[6.415s] -- Found OpenSSL: /usr/lib/aarch64-linux-gnu/libcrypto.so (found version "1.1.1f")  
[6.724s] -- Found FastRTPS: /opt/ros/foxy/include  
[7.527s] -- Using all available rosidl_typesupport_cpp: rosidl_typesupport_fastrtps_cpp;rosidl_typesupport_introspection_cpp
[7.708s] -- Found std_msgs: 2.0.5 (/opt/ros/foxy/share/std_msgs/cmake)
[8.009s] -- Found PythonInterp: /usr/bin/python3 (found version "3.8.10") 
[8.832s] -- Found ament_cmake_ros: 0.9.2 (/opt/ros/foxy/share/ament_cmake_ros/cmake)
[10.310s] -- Using all available rosidl_typesupport_c: rosidl_typesupport_fastrtps_c;rosidl_typesupport_introspection_c
[10.635s] -- Using all available rosidl_typesupport_cpp: rosidl_typesupport_fastrtps_cpp;rosidl_typesupport_introspection_cpp
[10.748s] -- Found PythonInterp: /usr/bin/python3 (found suitable version "3.8.10", minimum required is "3.5") 
[10.765s] -- Found python_cmake_module: 0.8.1 (/opt/ros/foxy/share/python_cmake_module/cmake)
[10.898s] -- Found PythonLibs: /usr/lib/aarch64-linux-gnu/libpython3.8.so (found suitable version "3.8.10", minimum required is "3.5") 
[10.899s] -- Using PYTHON_EXECUTABLE: /usr/bin/python3
[10.900s] -- Using PYTHON_INCLUDE_DIRS: /usr/include/python3.8
[10.900s] -- Using PYTHON_LIBRARIES: /usr/lib/aarch64-linux-gnu/libpython3.8.so
[11.010s] -- Found PythonExtra: .so  
[11.399s] -- Configuring done
[11.678s] -- Generating done
[11.694s] -- Build files have been written to: /home/diablo/catkin_ws/build/motion_msgs
[11.755s] Invoked command in '/home/diablo/catkin_ws/build/motion_msgs' returned '0': CMAKE_PREFIX_PATH=/opt/ros/foxy /usr/bin/cmake /home/diablo/catkin_ws/src/diablo_sdk_v2/diablo_interfaces/motion_msgs -DCMAKE_INSTALL_PREFIX=/home/diablo/catkin_ws/install/motion_msgs
[11.760s] Invoking command in '/home/diablo/catkin_ws/build/motion_msgs': CMAKE_PREFIX_PATH=/opt/ros/foxy /usr/bin/cmake --build /home/diablo/catkin_ws/build/motion_msgs -- -j4 -l4
[11.956s] [35m[1mScanning dependencies of target motion_msgs__cpp[0m
[11.961s] [  2%] [34m[1mGenerating C code for ROS interfaces[0m
[12.019s] [  5%] [34m[1mGenerating C++ code for ROS interfaces[0m
[13.676s] [35m[1mScanning dependencies of target motion_msgs__rosidl_generator_c[0m
[13.764s] [  5%] Built target motion_msgs__cpp
[13.776s] [  7%] [32mBuilding C object CMakeFiles/motion_msgs__rosidl_generator_c.dir/rosidl_generator_c/motion_msgs/msg/detail/leg_motors__functions.c.o[0m
[13.819s] [ 10%] [32mBuilding C object CMakeFiles/motion_msgs__rosidl_generator_c.dir/rosidl_generator_c/motion_msgs/msg/detail/motion_ctrl__functions.c.o[0m
[13.844s] [ 12%] [34m[1mGenerating C++ type support dispatch for ROS interfaces[0m
[13.851s] [ 15%] [34m[1mGenerating C++ type support for eProsima Fast-RTPS[0m
[14.136s] [ 17%] [34m[1mGenerating C++ introspection for ROS interfaces[0m
[14.243s] [ 20%] [32m[1mLinking C shared library libmotion_msgs__rosidl_generator_c.so[0m
[14.712s] [ 20%] Built target motion_msgs__rosidl_generator_c
[14.840s] [ 23%] [34m[1mGenerating C introspection for ROS interfaces[0m
[15.588s] [35m[1mScanning dependencies of target motion_msgs__rosidl_typesupport_cpp[0m
[15.675s] [ 25%] [32mBuilding CXX object CMakeFiles/motion_msgs__rosidl_typesupport_cpp.dir/rosidl_typesupport_cpp/motion_msgs/msg/leg_motors__type_support.cpp.o[0m
[16.048s] [35m[1mScanning dependencies of target motion_msgs__rosidl_typesupport_introspection_cpp[0m
[16.066s] [35m[1mScanning dependencies of target motion_msgs__rosidl_typesupport_fastrtps_cpp[0m
[16.134s] [ 28%] [32mBuilding CXX object CMakeFiles/motion_msgs__rosidl_typesupport_introspection_cpp.dir/rosidl_typesupport_introspection_cpp/motion_msgs/msg/detail/leg_motors__type_support.cpp.o[0m
[16.179s] [ 30%] [32mBuilding CXX object CMakeFiles/motion_msgs__rosidl_typesupport_fastrtps_cpp.dir/rosidl_typesupport_fastrtps_cpp/motion_msgs/msg/detail/dds_fastrtps/leg_motors__type_support.cpp.o[0m
[16.913s] [35m[1mScanning dependencies of target motion_msgs__rosidl_typesupport_introspection_c[0m
[17.140s] [ 33%] [32mBuilding C object CMakeFiles/motion_msgs__rosidl_typesupport_introspection_c.dir/rosidl_typesupport_introspection_c/motion_msgs/msg/detail/leg_motors__type_support.c.o[0m
[17.454s] [ 35%] [32mBuilding C object CMakeFiles/motion_msgs__rosidl_typesupport_introspection_c.dir/rosidl_typesupport_introspection_c/motion_msgs/msg/detail/motion_ctrl__type_support.c.o[0m
[17.893s] [ 38%] [32m[1mLinking C shared library libmotion_msgs__rosidl_typesupport_introspection_c.so[0m
[18.096s] [ 38%] Built target motion_msgs__rosidl_typesupport_introspection_c
[18.170s] [ 41%] [34m[1mGenerating C type support dispatch for ROS interfaces[0m
[18.234s] [ 43%] [32mBuilding CXX object CMakeFiles/motion_msgs__rosidl_typesupport_cpp.dir/rosidl_typesupport_cpp/motion_msgs/msg/motion_ctrl__type_support.cpp.o[0m
[18.303s] [ 46%] [32mBuilding CXX object CMakeFiles/motion_msgs__rosidl_typesupport_introspection_cpp.dir/rosidl_typesupport_introspection_cpp/motion_msgs/msg/detail/motion_ctrl__type_support.cpp.o[0m
[20.204s] [35m[1mScanning dependencies of target motion_msgs__rosidl_typesupport_c[0m
[20.251s] [ 48%] [32mBuilding CXX object CMakeFiles/motion_msgs__rosidl_typesupport_fastrtps_cpp.dir/rosidl_typesupport_fastrtps_cpp/motion_msgs/msg/detail/dds_fastrtps/motion_ctrl__type_support.cpp.o[0m
[20.314s] [ 51%] [32mBuilding CXX object CMakeFiles/motion_msgs__rosidl_typesupport_c.dir/rosidl_typesupport_c/motion_msgs/msg/leg_motors__type_support.cpp.o[0m
[20.507s] [ 53%] [32m[1mLinking CXX shared library libmotion_msgs__rosidl_typesupport_cpp.so[0m
[20.646s] [ 56%] [32mBuilding CXX object CMakeFiles/motion_msgs__rosidl_typesupport_c.dir/rosidl_typesupport_c/motion_msgs/msg/motion_ctrl__type_support.cpp.o[0m
[20.676s] [ 58%] [32m[1mLinking CXX shared library libmotion_msgs__rosidl_typesupport_introspection_cpp.so[0m
[20.865s] [ 58%] Built target motion_msgs__rosidl_typesupport_cpp
[20.895s] [ 61%] [32m[1mLinking CXX shared library libmotion_msgs__rosidl_typesupport_c.so[0m
[21.122s] [ 61%] Built target motion_msgs__rosidl_typesupport_introspection_cpp
[21.125s] [ 61%] Built target motion_msgs__rosidl_typesupport_c
[22.732s] [ 64%] [32m[1mLinking CXX shared library libmotion_msgs__rosidl_typesupport_fastrtps_cpp.so[0m
[23.252s] [ 64%] Built target motion_msgs__rosidl_typesupport_fastrtps_cpp
[23.299s] [ 66%] [34m[1mGenerating C type support for eProsima Fast-RTPS[0m
[24.628s] [35m[1mScanning dependencies of target motion_msgs__rosidl_typesupport_fastrtps_c[0m
[24.719s] [ 69%] [32mBuilding CXX object CMakeFiles/motion_msgs__rosidl_typesupport_fastrtps_c.dir/rosidl_typesupport_fastrtps_c/motion_msgs/msg/detail/motion_ctrl__type_support_c.cpp.o[0m
[24.734s] [ 71%] [32mBuilding CXX object CMakeFiles/motion_msgs__rosidl_typesupport_fastrtps_c.dir/rosidl_typesupport_fastrtps_c/motion_msgs/msg/detail/leg_motors__type_support_c.cpp.o[0m
[26.835s] [ 74%] [32m[1mLinking CXX shared library libmotion_msgs__rosidl_typesupport_fastrtps_c.so[0m
[27.251s] [ 74%] Built target motion_msgs__rosidl_typesupport_fastrtps_c
[27.296s] [35m[1mScanning dependencies of target motion_msgs[0m
[27.342s] [ 74%] Built target motion_msgs
[27.390s] [35m[1mScanning dependencies of target motion_msgs__py[0m
[27.438s] [ 76%] [34m[1mGenerating Python code for ROS interfaces[0m
[30.465s] [ 76%] Built target motion_msgs__py
[30.509s] [35m[1mScanning dependencies of target motion_msgs__python[0m
[30.680s] [ 82%] [32mBuilding C object CMakeFiles/motion_msgs__python.dir/rosidl_generator_py/motion_msgs/msg/_motion_ctrl_s.c.o[0m
[30.681s] [ 82%] [32mBuilding C object CMakeFiles/motion_msgs__python.dir/rosidl_generator_py/motion_msgs/msg/_leg_motors_s.c.o[0m
[31.308s] [ 84%] [32m[1mLinking C shared library rosidl_generator_py/motion_msgs/libmotion_msgs__python.so[0m
[31.534s] [ 84%] Built target motion_msgs__python
[31.586s] [35m[1mScanning dependencies of target motion_msgs__rosidl_typesupport_introspection_c__pyext[0m
[31.589s] [35m[1mScanning dependencies of target motion_msgs__rosidl_typesupport_c__pyext[0m
[31.591s] [35m[1mScanning dependencies of target motion_msgs__rosidl_typesupport_fastrtps_c__pyext[0m
[31.721s] [ 87%] [32mBuilding C object CMakeFiles/motion_msgs__rosidl_typesupport_c__pyext.dir/rosidl_generator_py/motion_msgs/_motion_msgs_s.ep.rosidl_typesupport_c.c.o[0m
[31.737s] [ 89%] [32mBuilding C object CMakeFiles/motion_msgs__rosidl_typesupport_introspection_c__pyext.dir/rosidl_generator_py/motion_msgs/_motion_msgs_s.ep.rosidl_typesupport_introspection_c.c.o[0m
[31.783s] [ 92%] [32mBuilding C object CMakeFiles/motion_msgs__rosidl_typesupport_fastrtps_c__pyext.dir/rosidl_generator_py/motion_msgs/_motion_msgs_s.ep.rosidl_typesupport_fastrtps_c.c.o[0m
[32.231s] [ 94%] [32m[1mLinking C shared library rosidl_generator_py/motion_msgs/motion_msgs_s__rosidl_typesupport_introspection_c.cpython-38-aarch64-linux-gnu.so[0m
[32.251s] [ 97%] [32m[1mLinking C shared library rosidl_generator_py/motion_msgs/motion_msgs_s__rosidl_typesupport_c.cpython-38-aarch64-linux-gnu.so[0m
[32.299s] [100%] [32m[1mLinking CXX shared library rosidl_generator_py/motion_msgs/motion_msgs_s__rosidl_typesupport_fastrtps_c.cpython-38-aarch64-linux-gnu.so[0m
[32.484s] [100%] Built target motion_msgs__rosidl_typesupport_introspection_c__pyext
[32.498s] [100%] Built target motion_msgs__rosidl_typesupport_c__pyext
[32.680s] [100%] Built target motion_msgs__rosidl_typesupport_fastrtps_c__pyext
[32.730s] Invoked command in '/home/diablo/catkin_ws/build/motion_msgs' returned '0': CMAKE_PREFIX_PATH=/opt/ros/foxy /usr/bin/cmake --build /home/diablo/catkin_ws/build/motion_msgs -- -j4 -l4
[33.137s] Invoking command in '/home/diablo/catkin_ws/build/motion_msgs': CMAKE_PREFIX_PATH=/opt/ros/foxy /usr/bin/cmake --install /home/diablo/catkin_ws/build/motion_msgs
[33.175s] -- Install configuration: ""
[33.177s] -- Installing: /home/diablo/catkin_ws/install/motion_msgs/share/ament_index/resource_index/rosidl_interfaces/motion_msgs
[33.178s] -- Installing: /home/diablo/catkin_ws/install/motion_msgs/include/motion_msgs
[33.179s] -- Installing: /home/diablo/catkin_ws/install/motion_msgs/include/motion_msgs/msg
[33.179s] -- Installing: /home/diablo/catkin_ws/install/motion_msgs/include/motion_msgs/msg/motion_ctrl.h
[33.180s] -- Installing: /home/diablo/catkin_ws/install/motion_msgs/include/motion_msgs/msg/rosidl_generator_c__visibility_control.h
[33.181s] -- Installing: /home/diablo/catkin_ws/install/motion_msgs/include/motion_msgs/msg/leg_motors.h
[33.182s] -- Installing: /home/diablo/catkin_ws/install/motion_msgs/include/motion_msgs/msg/detail
[33.183s] -- Installing: /home/diablo/catkin_ws/install/motion_msgs/include/motion_msgs/msg/detail/motion_ctrl__functions.h
[33.184s] -- Installing: /home/diablo/catkin_ws/install/motion_msgs/include/motion_msgs/msg/detail/motion_ctrl__type_support.h
[33.185s] -- Installing: /home/diablo/catkin_ws/install/motion_msgs/include/motion_msgs/msg/detail/motion_ctrl__struct.h
[33.186s] -- Installing: /home/diablo/catkin_ws/install/motion_msgs/include/motion_msgs/msg/detail/motion_ctrl__functions.c
[33.187s] -- Installing: /home/diablo/catkin_ws/install/motion_msgs/include/motion_msgs/msg/detail/leg_motors__type_support.h
[33.189s] -- Installing: /home/diablo/catkin_ws/install/motion_msgs/include/motion_msgs/msg/detail/leg_motors__struct.h
[33.190s] -- Installing: /home/diablo/catkin_ws/install/motion_msgs/include/motion_msgs/msg/detail/leg_motors__functions.c
[33.191s] -- Installing: /home/diablo/catkin_ws/install/motion_msgs/include/motion_msgs/msg/detail/leg_motors__functions.h
[33.193s] -- Installing: /home/diablo/catkin_ws/install/motion_msgs/share/motion_msgs/environment/library_path.sh
[33.194s] -- Installing: /home/diablo/catkin_ws/install/motion_msgs/share/motion_msgs/environment/library_path.dsv
[33.196s] -- Installing: /home/diablo/catkin_ws/install/motion_msgs/lib/libmotion_msgs__rosidl_generator_c.so
[33.198s] -- Set runtime path of "/home/diablo/catkin_ws/install/motion_msgs/lib/libmotion_msgs__rosidl_generator_c.so" to ""
[33.199s] -- Up-to-date: /home/diablo/catkin_ws/install/motion_msgs/include/motion_msgs
[33.200s] -- Up-to-date: /home/diablo/catkin_ws/install/motion_msgs/include/motion_msgs/msg
[33.200s] -- Installing: /home/diablo/catkin_ws/install/motion_msgs/include/motion_msgs/msg/rosidl_typesupport_fastrtps_c__visibility_control.h
[33.201s] -- Up-to-date: /home/diablo/catkin_ws/install/motion_msgs/include/motion_msgs/msg/detail
[33.201s] -- Installing: /home/diablo/catkin_ws/install/motion_msgs/include/motion_msgs/msg/detail/motion_ctrl__rosidl_typesupport_fastrtps_c.h
[33.203s] -- Installing: /home/diablo/catkin_ws/install/motion_msgs/include/motion_msgs/msg/detail/leg_motors__rosidl_typesupport_fastrtps_c.h
[33.204s] -- Installing: /home/diablo/catkin_ws/install/motion_msgs/lib/libmotion_msgs__rosidl_typesupport_fastrtps_c.so
[33.207s] -- Set runtime path of "/home/diablo/catkin_ws/install/motion_msgs/lib/libmotion_msgs__rosidl_typesupport_fastrtps_c.so" to ""
[33.208s] -- Up-to-date: /home/diablo/catkin_ws/install/motion_msgs/include/motion_msgs
[33.208s] -- Up-to-date: /home/diablo/catkin_ws/install/motion_msgs/include/motion_msgs/msg
[33.209s] -- Installing: /home/diablo/catkin_ws/install/motion_msgs/include/motion_msgs/msg/rosidl_typesupport_fastrtps_cpp__visibility_control.h
[33.210s] -- Up-to-date: /home/diablo/catkin_ws/install/motion_msgs/include/motion_msgs/msg/detail
[33.210s] -- Installing: /home/diablo/catkin_ws/install/motion_msgs/include/motion_msgs/msg/detail/leg_motors__rosidl_typesupport_fastrtps_cpp.hpp
[33.211s] -- Installing: /home/diablo/catkin_ws/install/motion_msgs/include/motion_msgs/msg/detail/motion_ctrl__rosidl_typesupport_fastrtps_cpp.hpp
[33.212s] -- Installing: /home/diablo/catkin_ws/install/motion_msgs/include/motion_msgs/msg/detail/dds_fastrtps
[33.214s] -- Installing: /home/diablo/catkin_ws/install/motion_msgs/lib/libmotion_msgs__rosidl_typesupport_fastrtps_cpp.so
[33.216s] -- Set runtime path of "/home/diablo/catkin_ws/install/motion_msgs/lib/libmotion_msgs__rosidl_typesupport_fastrtps_cpp.so" to ""
[33.217s] -- Up-to-date: /home/diablo/catkin_ws/install/motion_msgs/include/motion_msgs
[33.218s] -- Up-to-date: /home/diablo/catkin_ws/install/motion_msgs/include/motion_msgs/msg
[33.219s] -- Installing: /home/diablo/catkin_ws/install/motion_msgs/include/motion_msgs/msg/rosidl_typesupport_introspection_c__visibility_control.h
[33.220s] -- Up-to-date: /home/diablo/catkin_ws/install/motion_msgs/include/motion_msgs/msg/detail
[33.220s] -- Installing: /home/diablo/catkin_ws/install/motion_msgs/include/motion_msgs/msg/detail/motion_ctrl__rosidl_typesupport_introspection_c.h
[33.221s] -- Installing: /home/diablo/catkin_ws/install/motion_msgs/include/motion_msgs/msg/detail/leg_motors__rosidl_typesupport_introspection_c.h
[33.222s] -- Installing: /home/diablo/catkin_ws/install/motion_msgs/include/motion_msgs/msg/detail/leg_motors__type_support.c
[33.223s] -- Installing: /home/diablo/catkin_ws/install/motion_msgs/include/motion_msgs/msg/detail/motion_ctrl__type_support.c
[33.225s] -- Installing: /home/diablo/catkin_ws/install/motion_msgs/lib/libmotion_msgs__rosidl_typesupport_introspection_c.so
[33.228s] -- Set runtime path of "/home/diablo/catkin_ws/install/motion_msgs/lib/libmotion_msgs__rosidl_typesupport_introspection_c.so" to ""
[33.228s] -- Installing: /home/diablo/catkin_ws/install/motion_msgs/lib/libmotion_msgs__rosidl_typesupport_c.so
[33.231s] -- Set runtime path of "/home/diablo/catkin_ws/install/motion_msgs/lib/libmotion_msgs__rosidl_typesupport_c.so" to ""
[33.232s] -- Up-to-date: /home/diablo/catkin_ws/install/motion_msgs/include/motion_msgs
[33.232s] -- Up-to-date: /home/diablo/catkin_ws/install/motion_msgs/include/motion_msgs/msg
[33.232s] -- Installing: /home/diablo/catkin_ws/install/motion_msgs/include/motion_msgs/msg/motion_ctrl.hpp
[33.233s] -- Installing: /home/diablo/catkin_ws/install/motion_msgs/include/motion_msgs/msg/leg_motors.hpp
[33.234s] -- Up-to-date: /home/diablo/catkin_ws/install/motion_msgs/include/motion_msgs/msg/detail
[33.235s] -- Installing: /home/diablo/catkin_ws/install/motion_msgs/include/motion_msgs/msg/detail/leg_motors__traits.hpp
[33.235s] -- Installing: /home/diablo/catkin_ws/install/motion_msgs/include/motion_msgs/msg/detail/motion_ctrl__builder.hpp
[33.236s] -- Installing: /home/diablo/catkin_ws/install/motion_msgs/include/motion_msgs/msg/detail/leg_motors__struct.hpp
[33.238s] -- Installing: /home/diablo/catkin_ws/install/motion_msgs/include/motion_msgs/msg/detail/leg_motors__builder.hpp
[33.239s] -- Installing: /home/diablo/catkin_ws/install/motion_msgs/include/motion_msgs/msg/detail/motion_ctrl__traits.hpp
[33.240s] -- Installing: /home/diablo/catkin_ws/install/motion_msgs/include/motion_msgs/msg/detail/motion_ctrl__struct.hpp
[33.241s] -- Up-to-date: /home/diablo/catkin_ws/install/motion_msgs/include/motion_msgs
[33.242s] -- Up-to-date: /home/diablo/catkin_ws/install/motion_msgs/include/motion_msgs/msg
[33.243s] -- Up-to-date: /home/diablo/catkin_ws/install/motion_msgs/include/motion_msgs/msg/detail
[33.244s] -- Installing: /home/diablo/catkin_ws/install/motion_msgs/include/motion_msgs/msg/detail/motion_ctrl__type_support.cpp
[33.244s] -- Installing: /home/diablo/catkin_ws/install/motion_msgs/include/motion_msgs/msg/detail/motion_ctrl__rosidl_typesupport_introspection_cpp.hpp
[33.246s] -- Installing: /home/diablo/catkin_ws/install/motion_msgs/include/motion_msgs/msg/detail/leg_motors__type_support.cpp
[33.247s] -- Installing: /home/diablo/catkin_ws/install/motion_msgs/include/motion_msgs/msg/detail/leg_motors__rosidl_typesupport_introspection_cpp.hpp
[33.249s] -- Installing: /home/diablo/catkin_ws/install/motion_msgs/lib/libmotion_msgs__rosidl_typesupport_introspection_cpp.so
[33.252s] -- Set runtime path of "/home/diablo/catkin_ws/install/motion_msgs/lib/libmotion_msgs__rosidl_typesupport_introspection_cpp.so" to ""
[33.253s] -- Installing: /home/diablo/catkin_ws/install/motion_msgs/lib/libmotion_msgs__rosidl_typesupport_cpp.so
[33.256s] -- Set runtime path of "/home/diablo/catkin_ws/install/motion_msgs/lib/libmotion_msgs__rosidl_typesupport_cpp.so" to ""
[33.256s] -- Installing: /home/diablo/catkin_ws/install/motion_msgs/share/motion_msgs/environment/pythonpath.sh
[33.258s] -- Installing: /home/diablo/catkin_ws/install/motion_msgs/share/motion_msgs/environment/pythonpath.dsv
[33.259s] -- Installing: /home/diablo/catkin_ws/install/motion_msgs/lib/python3.8/site-packages/motion_msgs/__init__.py
[33.454s] Compiling '/home/diablo/catkin_ws/install/motion_msgs/lib/python3.8/site-packages/motion_msgs/__init__.py'...
[33.480s] -- Installing: /home/diablo/catkin_ws/install/motion_msgs/lib/python3.8/site-packages/motion_msgs/msg
[33.480s] -- Installing: /home/diablo/catkin_ws/install/motion_msgs/lib/python3.8/site-packages/motion_msgs/msg/_motion_ctrl_s.c
[33.481s] -- Installing: /home/diablo/catkin_ws/install/motion_msgs/lib/python3.8/site-packages/motion_msgs/msg/__init__.py
[33.482s] -- Installing: /home/diablo/catkin_ws/install/motion_msgs/lib/python3.8/site-packages/motion_msgs/msg/_motion_ctrl.py
[33.483s] -- Installing: /home/diablo/catkin_ws/install/motion_msgs/lib/python3.8/site-packages/motion_msgs/msg/_leg_motors.py
[33.484s] -- Installing: /home/diablo/catkin_ws/install/motion_msgs/lib/python3.8/site-packages/motion_msgs/msg/_leg_motors_s.c
[33.486s] -- Installing: /home/diablo/catkin_ws/install/motion_msgs/lib/python3.8/site-packages/motion_msgs/motion_msgs_s__rosidl_typesupport_fastrtps_c.cpython-38-aarch64-linux-gnu.so
[33.489s] -- Set runtime path of "/home/diablo/catkin_ws/install/motion_msgs/lib/python3.8/site-packages/motion_msgs/motion_msgs_s__rosidl_typesupport_fastrtps_c.cpython-38-aarch64-linux-gnu.so" to ""
[33.491s] -- Installing: /home/diablo/catkin_ws/install/motion_msgs/lib/python3.8/site-packages/motion_msgs/motion_msgs_s__rosidl_typesupport_introspection_c.cpython-38-aarch64-linux-gnu.so
[33.494s] -- Set runtime path of "/home/diablo/catkin_ws/install/motion_msgs/lib/python3.8/site-packages/motion_msgs/motion_msgs_s__rosidl_typesupport_introspection_c.cpython-38-aarch64-linux-gnu.so" to ""
[33.495s] -- Installing: /home/diablo/catkin_ws/install/motion_msgs/lib/python3.8/site-packages/motion_msgs/motion_msgs_s__rosidl_typesupport_c.cpython-38-aarch64-linux-gnu.so
[33.499s] -- Set runtime path of "/home/diablo/catkin_ws/install/motion_msgs/lib/python3.8/site-packages/motion_msgs/motion_msgs_s__rosidl_typesupport_c.cpython-38-aarch64-linux-gnu.so" to ""
[33.500s] -- Installing: /home/diablo/catkin_ws/install/motion_msgs/lib/libmotion_msgs__python.so
[33.502s] -- Set runtime path of "/home/diablo/catkin_ws/install/motion_msgs/lib/libmotion_msgs__python.so" to ""
[33.503s] -- Installing: /home/diablo/catkin_ws/install/motion_msgs/share/motion_msgs/msg/LegMotors.idl
[33.504s] -- Installing: /home/diablo/catkin_ws/install/motion_msgs/share/motion_msgs/msg/MotionCtrl.idl
[33.505s] -- Installing: /home/diablo/catkin_ws/install/motion_msgs/share/motion_msgs/msg/LegMotors.msg
[33.506s] -- Installing: /home/diablo/catkin_ws/install/motion_msgs/share/motion_msgs/msg/MotionCtrl.msg
[33.507s] -- Installing: /home/diablo/catkin_ws/install/motion_msgs/share/ament_index/resource_index/package_run_dependencies/motion_msgs
[33.509s] -- Installing: /home/diablo/catkin_ws/install/motion_msgs/share/ament_index/resource_index/parent_prefix_path/motion_msgs
[33.510s] -- Installing: /home/diablo/catkin_ws/install/motion_msgs/share/motion_msgs/environment/ament_prefix_path.sh
[33.511s] -- Installing: /home/diablo/catkin_ws/install/motion_msgs/share/motion_msgs/environment/ament_prefix_path.dsv
[33.512s] -- Installing: /home/diablo/catkin_ws/install/motion_msgs/share/motion_msgs/environment/path.sh
[33.513s] -- Installing: /home/diablo/catkin_ws/install/motion_msgs/share/motion_msgs/environment/path.dsv
[33.515s] -- Installing: /home/diablo/catkin_ws/install/motion_msgs/share/motion_msgs/local_setup.bash
[33.516s] -- Installing: /home/diablo/catkin_ws/install/motion_msgs/share/motion_msgs/local_setup.sh
[33.517s] -- Installing: /home/diablo/catkin_ws/install/motion_msgs/share/motion_msgs/local_setup.zsh
[33.518s] -- Installing: /home/diablo/catkin_ws/install/motion_msgs/share/motion_msgs/local_setup.dsv
[33.519s] -- Installing: /home/diablo/catkin_ws/install/motion_msgs/share/motion_msgs/package.dsv
[33.520s] -- Installing: /home/diablo/catkin_ws/install/motion_msgs/share/ament_index/resource_index/packages/motion_msgs
[33.522s] -- Installing: /home/diablo/catkin_ws/install/motion_msgs/share/motion_msgs/cmake/motion_msgs__rosidl_generator_cExport.cmake
[33.523s] -- Installing: /home/diablo/catkin_ws/install/motion_msgs/share/motion_msgs/cmake/motion_msgs__rosidl_generator_cExport-noconfig.cmake
[33.525s] -- Installing: /home/diablo/catkin_ws/install/motion_msgs/share/motion_msgs/cmake/motion_msgs__rosidl_typesupport_introspection_cExport.cmake
[33.526s] -- Installing: /home/diablo/catkin_ws/install/motion_msgs/share/motion_msgs/cmake/motion_msgs__rosidl_typesupport_introspection_cExport-noconfig.cmake
[33.528s] -- Installing: /home/diablo/catkin_ws/install/motion_msgs/share/motion_msgs/cmake/motion_msgs__rosidl_typesupport_cExport.cmake
[33.529s] -- Installing: /home/diablo/catkin_ws/install/motion_msgs/share/motion_msgs/cmake/motion_msgs__rosidl_typesupport_cExport-noconfig.cmake
[33.530s] -- Installing: /home/diablo/catkin_ws/install/motion_msgs/share/motion_msgs/cmake/motion_msgs__rosidl_generator_cppExport.cmake
[33.532s] -- Installing: /home/diablo/catkin_ws/install/motion_msgs/share/motion_msgs/cmake/motion_msgs__rosidl_typesupport_introspection_cppExport.cmake
[33.533s] -- Installing: /home/diablo/catkin_ws/install/motion_msgs/share/motion_msgs/cmake/motion_msgs__rosidl_typesupport_introspection_cppExport-noconfig.cmake
[33.535s] -- Installing: /home/diablo/catkin_ws/install/motion_msgs/share/motion_msgs/cmake/motion_msgs__rosidl_typesupport_cppExport.cmake
[33.536s] -- Installing: /home/diablo/catkin_ws/install/motion_msgs/share/motion_msgs/cmake/motion_msgs__rosidl_typesupport_cppExport-noconfig.cmake
[33.538s] -- Installing: /home/diablo/catkin_ws/install/motion_msgs/share/motion_msgs/cmake/rosidl_cmake-extras.cmake
[33.539s] -- Installing: /home/diablo/catkin_ws/install/motion_msgs/share/motion_msgs/cmake/ament_cmake_export_dependencies-extras.cmake
[33.540s] -- Installing: /home/diablo/catkin_ws/install/motion_msgs/share/motion_msgs/cmake/ament_cmake_export_libraries-extras.cmake
[33.541s] -- Installing: /home/diablo/catkin_ws/install/motion_msgs/share/motion_msgs/cmake/ament_cmake_export_targets-extras.cmake
[33.542s] -- Installing: /home/diablo/catkin_ws/install/motion_msgs/share/motion_msgs/cmake/ament_cmake_export_include_directories-extras.cmake
[33.544s] -- Installing: /home/diablo/catkin_ws/install/motion_msgs/share/motion_msgs/cmake/rosidl_cmake_export_typesupport_libraries-extras.cmake
[33.545s] -- Installing: /home/diablo/catkin_ws/install/motion_msgs/share/motion_msgs/cmake/rosidl_cmake_export_typesupport_targets-extras.cmake
[33.546s] -- Installing: /home/diablo/catkin_ws/install/motion_msgs/share/motion_msgs/cmake/motion_msgsConfig.cmake
[33.547s] -- Installing: /home/diablo/catkin_ws/install/motion_msgs/share/motion_msgs/cmake/motion_msgsConfig-version.cmake
[33.548s] -- Installing: /home/diablo/catkin_ws/install/motion_msgs/share/motion_msgs/package.xml
[33.560s] Invoked command in '/home/diablo/catkin_ws/build/motion_msgs' returned '0': CMAKE_PREFIX_PATH=/opt/ros/foxy /usr/bin/cmake --install /home/diablo/catkin_ws/build/motion_msgs
