running egg_info
creating ../../../../build/diablo_teleop/diablo_teleop.egg-info
writing ../../../../build/diablo_teleop/diablo_teleop.egg-info/PKG-INFO
writing dependency_links to ../../../../build/diablo_teleop/diablo_teleop.egg-info/dependency_links.txt
writing entry points to ../../../../build/diablo_teleop/diablo_teleop.egg-info/entry_points.txt
writing requirements to ../../../../build/diablo_teleop/diablo_teleop.egg-info/requires.txt
writing top-level names to ../../../../build/diablo_teleop/diablo_teleop.egg-info/top_level.txt
writing manifest file '../../../../build/diablo_teleop/diablo_teleop.egg-info/SOURCES.txt'
reading manifest file '../../../../build/diablo_teleop/diablo_teleop.egg-info/SOURCES.txt'
writing manifest file '../../../../build/diablo_teleop/diablo_teleop.egg-info/SOURCES.txt'
running build
running build_py
creating /home/diablo/catkin_ws/build/diablo_teleop/build
creating /home/diablo/catkin_ws/build/diablo_teleop/build/lib
creating /home/diablo/catkin_ws/build/diablo_teleop/build/lib/diablo_teleop
copying diablo_teleop/__init__.py -> /home/diablo/catkin_ws/build/diablo_teleop/build/lib/diablo_teleop
copying diablo_teleop/teleop.py -> /home/diablo/catkin_ws/build/diablo_teleop/build/lib/diablo_teleop
running install
running install_lib
creating /home/diablo/catkin_ws/install/diablo_teleop/lib/python3.8/site-packages/diablo_teleop
copying /home/diablo/catkin_ws/build/diablo_teleop/build/lib/diablo_teleop/__init__.py -> /home/diablo/catkin_ws/install/diablo_teleop/lib/python3.8/site-packages/diablo_teleop
copying /home/diablo/catkin_ws/build/diablo_teleop/build/lib/diablo_teleop/teleop.py -> /home/diablo/catkin_ws/install/diablo_teleop/lib/python3.8/site-packages/diablo_teleop
byte-compiling /home/diablo/catkin_ws/install/diablo_teleop/lib/python3.8/site-packages/diablo_teleop/__init__.py to __init__.cpython-38.pyc
byte-compiling /home/diablo/catkin_ws/install/diablo_teleop/lib/python3.8/site-packages/diablo_teleop/teleop.py to teleop.cpython-38.pyc
running install_data
creating /home/diablo/catkin_ws/install/diablo_teleop/share/ament_index
creating /home/diablo/catkin_ws/install/diablo_teleop/share/ament_index/resource_index
creating /home/diablo/catkin_ws/install/diablo_teleop/share/ament_index/resource_index/packages
copying resource/diablo_teleop -> /home/diablo/catkin_ws/install/diablo_teleop/share/ament_index/resource_index/packages
copying package.xml -> /home/diablo/catkin_ws/install/diablo_teleop/share/diablo_teleop
running install_egg_info
Copying ../../../../build/diablo_teleop/diablo_teleop.egg-info to /home/diablo/catkin_ws/install/diablo_teleop/lib/python3.8/site-packages/diablo_teleop-0.0.0-py3.8.egg-info
running install_scripts
Installing teleop_node script to /home/diablo/catkin_ws/install/diablo_teleop/lib/diablo_teleop
writing list of installed files to '/home/diablo/catkin_ws/build/diablo_teleop/install.log'
