-- The C compiler identification is GNU 9.4.0
-- The CXX compiler identification is GNU 9.4.0
-- Check for working C compiler: /usr/bin/cc
-- Check for working C compiler: /usr/bin/cc -- works
-- Detecting C compiler ABI info
-- Detecting C compiler ABI info - done
-- Detecting C compile features
-- Detecting C compile features - done
-- Check for working CXX compiler: /usr/bin/c++
-- Check for working CXX compiler: /usr/bin/c++ -- works
-- Detecting CXX compiler ABI info
-- Detecting CXX compiler ABI info - done
-- Detecting CXX compile features
-- Detecting CXX compile features - done
-- Found ament_cmake: 0.9.9 (/opt/ros/foxy/share/ament_cmake/cmake)
-- Found PythonInterp: /usr/bin/python3 (found suitable version "3.8.10", minimum required is "3") 
-- Using PYTHON_EXECUTABLE: /usr/bin/python3
-- Found motion_msgs: 1.0.0 (/home/diablo/catkin_ws/install/motion_msgs/share/motion_msgs/cmake)
-- Using all available rosidl_typesupport_c: rosidl_typesupport_fastrtps_c;rosidl_typesupport_introspection_c
-- Found rosidl_adapter: 1.2.1 (/opt/ros/foxy/share/rosidl_adapter/cmake)
-- Found OpenSSL: /usr/lib/aarch64-linux-gnu/libcrypto.so (found version "1.1.1f")  
-- Found FastRTPS: /opt/ros/foxy/include  
-- Using all available rosidl_typesupport_cpp: rosidl_typesupport_fastrtps_cpp;rosidl_typesupport_introspection_cpp
-- Found rclcpp: 2.4.1 (/opt/ros/foxy/share/rclcpp/cmake)
-- Found rmw_implementation_cmake: 1.0.3 (/opt/ros/foxy/share/rmw_implementation_cmake/cmake)
-- Using RMW implementation 'rmw_fastrtps_cpp' as default
-- Looking for pthread.h
-- Looking for pthread.h - found
-- Performing Test CMAKE_HAVE_LIBC_PTHREAD
-- Performing Test CMAKE_HAVE_LIBC_PTHREAD - Failed
-- Looking for pthread_create in pthreads
-- Looking for pthread_create in pthreads - not found
-- Looking for pthread_create in pthread
-- Looking for pthread_create in pthread - found
-- Found Threads: TRUE  
-- Found ament_lint_auto: 0.9.6 (/opt/ros/foxy/share/ament_lint_auto/cmake)
-- Found ament_cmake_gtest: 0.9.9 (/opt/ros/foxy/share/ament_cmake_gtest/cmake)
-- Added test 'copyright' to check source files copyright and LICENSE
-- Added test 'cppcheck' to perform static code analysis on C / C++ code
-- Configured cppcheck include dirs: /home/diablo/catkin_ws/src/diablo_sdk_v2/diablo_common/diablo_utils/include
-- Configured cppcheck exclude dirs and/or files: 
-- Added test 'cpplint' to check C / C++ code against the Google style
-- Configured cpplint exclude dirs and/or files: 
-- Added test 'lint_cmake' to check CMake code style
-- Added test 'uncrustify' to check C / C++ code style
-- Configured uncrustify additional arguments: 
-- Added test 'xmllint' to check XML markup files
-- Configuring done
-- Generating done
-- Build files have been written to: /home/diablo/catkin_ws/build/diablo_utils
[35m[1mScanning dependencies of target diablo_utils_core[0m
[ 11%] [32mBuilding CXX object CMakeFiles/diablo_utils_core.dir/src/SerialPort/SerialPort.cpp.o[0m
[ 22%] [32mBuilding CXX object CMakeFiles/diablo_utils_core.dir/src/diablo_tools/osdk_crc.cpp.o[0m
[ 33%] [32mBuilding CXX object CMakeFiles/diablo_utils_core.dir/src/diablo_tools/osdk_hal.cpp.o[0m
[ 44%] [32mBuilding CXX object CMakeFiles/diablo_utils_core.dir/src/diablo_tools/osdk_log.cpp.o[0m
[ 55%] [32mBuilding CXX object CMakeFiles/diablo_utils_core.dir/src/diablo_tools/osdk_movement.cpp.o[0m
[ 66%] [32mBuilding CXX object CMakeFiles/diablo_utils_core.dir/src/diablo_tools/osdk_telemetry.cpp.o[0m
[ 77%] [32mBuilding CXX object CMakeFiles/diablo_utils_core.dir/src/diablo_tools/osdk_vehicle.cpp.o[0m
[ 88%] [32mBuilding CXX object CMakeFiles/diablo_utils_core.dir/src/diablo_tools/osdk_virtual_rc.cpp.o[0m
[100%] [32m[1mLinking CXX shared library libdiablo_utils_core.so[0m
[100%] Built target diablo_utils_core
-- Install configuration: ""
-- Installing: /home/diablo/catkin_ws/install/diablo_utils/include/
-- Installing: /home/diablo/catkin_ws/install/diablo_utils/include//diablo_utils
-- Installing: /home/diablo/catkin_ws/install/diablo_utils/include//diablo_utils/VulcanSerial
-- Installing: /home/diablo/catkin_ws/install/diablo_utils/include//diablo_utils/VulcanSerial/Exception.hpp
-- Installing: /home/diablo/catkin_ws/install/diablo_utils/include//diablo_utils/VulcanSerial/SerialPort.hpp
-- Installing: /home/diablo/catkin_ws/install/diablo_utils/include//diablo_utils/diablo_tools
-- Installing: /home/diablo/catkin_ws/install/diablo_utils/include//diablo_utils/diablo_tools/osdk_ddj_m15.hpp
-- Installing: /home/diablo/catkin_ws/install/diablo_utils/include//diablo_utils/diablo_tools/osdk_hal.hpp
-- Installing: /home/diablo/catkin_ws/install/diablo_utils/include//diablo_utils/diablo_tools/onboard_sdk_uart_protocol.h
-- Installing: /home/diablo/catkin_ws/install/diablo_utils/include//diablo_utils/diablo_tools/osdk_crc.hpp
-- Installing: /home/diablo/catkin_ws/install/diablo_utils/include//diablo_utils/diablo_tools/osdk_header.hpp
-- Installing: /home/diablo/catkin_ws/install/diablo_utils/include//diablo_utils/diablo_tools/osdk_movement.hpp
-- Installing: /home/diablo/catkin_ws/install/diablo_utils/include//diablo_utils/diablo_tools/osdk_virtual_rc.hpp
-- Installing: /home/diablo/catkin_ws/install/diablo_utils/include//diablo_utils/diablo_tools/osdk_vehicle.hpp
-- Installing: /home/diablo/catkin_ws/install/diablo_utils/include//diablo_utils/diablo_tools/osdk_telemetry.hpp
-- Installing: /home/diablo/catkin_ws/install/diablo_utils/lib/libdiablo_utils_core.so
-- Set runtime path of "/home/diablo/catkin_ws/install/diablo_utils/lib/libdiablo_utils_core.so" to ""
-- Installing: /home/diablo/catkin_ws/install/diablo_utils/share/diablo_utils/environment/library_path.sh
-- Installing: /home/diablo/catkin_ws/install/diablo_utils/share/diablo_utils/environment/library_path.dsv
-- Installing: /home/diablo/catkin_ws/install/diablo_utils/share/ament_index/resource_index/package_run_dependencies/diablo_utils
-- Installing: /home/diablo/catkin_ws/install/diablo_utils/share/ament_index/resource_index/parent_prefix_path/diablo_utils
-- Installing: /home/diablo/catkin_ws/install/diablo_utils/share/diablo_utils/environment/ament_prefix_path.sh
-- Installing: /home/diablo/catkin_ws/install/diablo_utils/share/diablo_utils/environment/ament_prefix_path.dsv
-- Installing: /home/diablo/catkin_ws/install/diablo_utils/share/diablo_utils/environment/path.sh
-- Installing: /home/diablo/catkin_ws/install/diablo_utils/share/diablo_utils/environment/path.dsv
-- Installing: /home/diablo/catkin_ws/install/diablo_utils/share/diablo_utils/local_setup.bash
-- Installing: /home/diablo/catkin_ws/install/diablo_utils/share/diablo_utils/local_setup.sh
-- Installing: /home/diablo/catkin_ws/install/diablo_utils/share/diablo_utils/local_setup.zsh
-- Installing: /home/diablo/catkin_ws/install/diablo_utils/share/diablo_utils/local_setup.dsv
-- Installing: /home/diablo/catkin_ws/install/diablo_utils/share/diablo_utils/package.dsv
-- Installing: /home/diablo/catkin_ws/install/diablo_utils/share/ament_index/resource_index/packages/diablo_utils
-- Installing: /home/diablo/catkin_ws/install/diablo_utils/share/diablo_utils/cmake/ament_cmake_export_include_directories-extras.cmake
-- Installing: /home/diablo/catkin_ws/install/diablo_utils/share/diablo_utils/cmake/ament_cmake_export_libraries-extras.cmake
-- Installing: /home/diablo/catkin_ws/install/diablo_utils/share/diablo_utils/cmake/ament_cmake_export_dependencies-extras.cmake
-- Installing: /home/diablo/catkin_ws/install/diablo_utils/share/diablo_utils/cmake/diablo_utilsConfig.cmake
-- Installing: /home/diablo/catkin_ws/install/diablo_utils/share/diablo_utils/cmake/diablo_utilsConfig-version.cmake
-- Installing: /home/diablo/catkin_ws/install/diablo_utils/share/diablo_utils/package.xml
