[0.048s] Invoking command in '/home/diablo/catkin_ws/build/diablo_utils': AMENT_PREFIX_PATH=/home/diablo/catkin_ws/install/motion_msgs:${AMENT_PREFIX_PATH} CMAKE_PREFIX_PATH=/home/diablo/catkin_ws/install/motion_msgs:/opt/ros/foxy LD_LIBRARY_PATH=/home/diablo/catkin_ws/install/motion_msgs/lib:${LD_LIBRARY_PATH} PYTHONPATH=/home/diablo/catkin_ws/install/motion_msgs/lib/python3.8/site-packages:${PYTHONPATH} /usr/bin/cmake /home/diablo/catkin_ws/src/diablo_sdk_v2/diablo_common/diablo_utils -DCMAKE_INSTALL_PREFIX=/home/diablo/catkin_ws/install/diablo_utils
[0.301s] -- The C compiler identification is GNU 9.4.0
[0.552s] -- The CXX compiler identification is GNU 9.4.0
[0.572s] -- Check for working C compiler: /usr/bin/cc
[0.892s] -- Check for working C compiler: /usr/bin/cc -- works
[0.896s] -- Detecting C compiler ABI info
[1.246s] -- Detecting C compiler ABI info - done
[1.292s] -- Detecting C compile features
[1.293s] -- Detecting C compile features - done
[1.304s] -- Check for working CXX compiler: /usr/bin/c++
[1.656s] -- Check for working CXX compiler: /usr/bin/c++ -- works
[1.661s] -- Detecting CXX compiler ABI info
[2.029s] -- Detecting CXX compiler ABI info - done
[2.073s] -- Detecting CXX compile features
[2.076s] -- Detecting CXX compile features - done
[2.101s] -- Found ament_cmake: 0.9.9 (/opt/ros/foxy/share/ament_cmake/cmake)
[2.245s] -- Found PythonInterp: /usr/bin/python3 (found suitable version "3.8.10", minimum required is "3") 
[2.246s] -- Using PYTHON_EXECUTABLE: /usr/bin/python3
[3.455s] -- Found motion_msgs: 1.0.0 (/home/diablo/catkin_ws/install/motion_msgs/share/motion_msgs/cmake)
[3.742s] -- Using all available rosidl_typesupport_c: rosidl_typesupport_fastrtps_c;rosidl_typesupport_introspection_c
[3.807s] -- Found rosidl_adapter: 1.2.1 (/opt/ros/foxy/share/rosidl_adapter/cmake)
[4.469s] -- Found OpenSSL: /usr/lib/aarch64-linux-gnu/libcrypto.so (found version "1.1.1f")  
[4.776s] -- Found FastRTPS: /opt/ros/foxy/include  
[5.481s] -- Using all available rosidl_typesupport_cpp: rosidl_typesupport_fastrtps_cpp;rosidl_typesupport_introspection_cpp
[5.944s] -- Found rclcpp: 2.4.1 (/opt/ros/foxy/share/rclcpp/cmake)
[6.281s] -- Found rmw_implementation_cmake: 1.0.3 (/opt/ros/foxy/share/rmw_implementation_cmake/cmake)
[6.291s] -- Using RMW implementation 'rmw_fastrtps_cpp' as default
[6.299s] -- Looking for pthread.h
[6.643s] -- Looking for pthread.h - found
[6.644s] -- Performing Test CMAKE_HAVE_LIBC_PTHREAD
[6.993s] -- Performing Test CMAKE_HAVE_LIBC_PTHREAD - Failed
[6.995s] -- Looking for pthread_create in pthreads
[7.268s] -- Looking for pthread_create in pthreads - not found
[7.269s] -- Looking for pthread_create in pthread
[7.634s] -- Looking for pthread_create in pthread - found
[7.638s] -- Found Threads: TRUE  
[8.449s] -- Found ament_lint_auto: 0.9.6 (/opt/ros/foxy/share/ament_lint_auto/cmake)
[8.964s] -- Found ament_cmake_gtest: 0.9.9 (/opt/ros/foxy/share/ament_cmake_gtest/cmake)
[8.987s] -- Added test 'copyright' to check source files copyright and LICENSE
[9.007s] -- Added test 'cppcheck' to perform static code analysis on C / C++ code
[9.008s] -- Configured cppcheck include dirs: /home/diablo/catkin_ws/src/diablo_sdk_v2/diablo_common/diablo_utils/include
[9.008s] -- Configured cppcheck exclude dirs and/or files: 
[9.027s] -- Added test 'cpplint' to check C / C++ code against the Google style
[9.027s] -- Configured cpplint exclude dirs and/or files: 
[9.037s] -- Added test 'lint_cmake' to check CMake code style
[9.060s] -- Added test 'uncrustify' to check C / C++ code style
[9.060s] -- Configured uncrustify additional arguments: 
[9.065s] -- Added test 'xmllint' to check XML markup files
[9.101s] -- Configuring done
[9.137s] -- Generating done
[9.144s] -- Build files have been written to: /home/diablo/catkin_ws/build/diablo_utils
[9.176s] Invoked command in '/home/diablo/catkin_ws/build/diablo_utils' returned '0': AMENT_PREFIX_PATH=/home/diablo/catkin_ws/install/motion_msgs:${AMENT_PREFIX_PATH} CMAKE_PREFIX_PATH=/home/diablo/catkin_ws/install/motion_msgs:/opt/ros/foxy LD_LIBRARY_PATH=/home/diablo/catkin_ws/install/motion_msgs/lib:${LD_LIBRARY_PATH} PYTHONPATH=/home/diablo/catkin_ws/install/motion_msgs/lib/python3.8/site-packages:${PYTHONPATH} /usr/bin/cmake /home/diablo/catkin_ws/src/diablo_sdk_v2/diablo_common/diablo_utils -DCMAKE_INSTALL_PREFIX=/home/diablo/catkin_ws/install/diablo_utils
[9.186s] Invoking command in '/home/diablo/catkin_ws/build/diablo_utils': AMENT_PREFIX_PATH=/home/diablo/catkin_ws/install/motion_msgs:${AMENT_PREFIX_PATH} CMAKE_PREFIX_PATH=/home/diablo/catkin_ws/install/motion_msgs:/opt/ros/foxy LD_LIBRARY_PATH=/home/diablo/catkin_ws/install/motion_msgs/lib:${LD_LIBRARY_PATH} PYTHONPATH=/home/diablo/catkin_ws/install/motion_msgs/lib/python3.8/site-packages:${PYTHONPATH} /usr/bin/cmake --build /home/diablo/catkin_ws/build/diablo_utils -- -j4 -l4
[9.379s] [35m[1mScanning dependencies of target diablo_utils_core[0m
[9.454s] [ 11%] [32mBuilding CXX object CMakeFiles/diablo_utils_core.dir/src/SerialPort/SerialPort.cpp.o[0m
[9.455s] [ 22%] [32mBuilding CXX object CMakeFiles/diablo_utils_core.dir/src/diablo_tools/osdk_crc.cpp.o[0m
[9.473s] [ 33%] [32mBuilding CXX object CMakeFiles/diablo_utils_core.dir/src/diablo_tools/osdk_hal.cpp.o[0m
[9.492s] [ 44%] [32mBuilding CXX object CMakeFiles/diablo_utils_core.dir/src/diablo_tools/osdk_log.cpp.o[0m
[11.252s] [ 55%] [32mBuilding CXX object CMakeFiles/diablo_utils_core.dir/src/diablo_tools/osdk_movement.cpp.o[0m
[13.297s] [ 66%] [32mBuilding CXX object CMakeFiles/diablo_utils_core.dir/src/diablo_tools/osdk_telemetry.cpp.o[0m
[13.916s] [ 77%] [32mBuilding CXX object CMakeFiles/diablo_utils_core.dir/src/diablo_tools/osdk_vehicle.cpp.o[0m
[15.500s] [ 88%] [32mBuilding CXX object CMakeFiles/diablo_utils_core.dir/src/diablo_tools/osdk_virtual_rc.cpp.o[0m
[18.773s] [100%] [32m[1mLinking CXX shared library libdiablo_utils_core.so[0m
[19.503s] [100%] Built target diablo_utils_core
[19.548s] Invoked command in '/home/diablo/catkin_ws/build/diablo_utils' returned '0': AMENT_PREFIX_PATH=/home/diablo/catkin_ws/install/motion_msgs:${AMENT_PREFIX_PATH} CMAKE_PREFIX_PATH=/home/diablo/catkin_ws/install/motion_msgs:/opt/ros/foxy LD_LIBRARY_PATH=/home/diablo/catkin_ws/install/motion_msgs/lib:${LD_LIBRARY_PATH} PYTHONPATH=/home/diablo/catkin_ws/install/motion_msgs/lib/python3.8/site-packages:${PYTHONPATH} /usr/bin/cmake --build /home/diablo/catkin_ws/build/diablo_utils -- -j4 -l4
[19.739s] Invoking command in '/home/diablo/catkin_ws/build/diablo_utils': AMENT_PREFIX_PATH=/home/diablo/catkin_ws/install/motion_msgs:${AMENT_PREFIX_PATH} CMAKE_PREFIX_PATH=/home/diablo/catkin_ws/install/motion_msgs:/opt/ros/foxy LD_LIBRARY_PATH=/home/diablo/catkin_ws/install/motion_msgs/lib:${LD_LIBRARY_PATH} PYTHONPATH=/home/diablo/catkin_ws/install/motion_msgs/lib/python3.8/site-packages:${PYTHONPATH} /usr/bin/cmake --install /home/diablo/catkin_ws/build/diablo_utils
[19.775s] -- Install configuration: ""
[19.776s] -- Installing: /home/diablo/catkin_ws/install/diablo_utils/include/
[19.776s] -- Installing: /home/diablo/catkin_ws/install/diablo_utils/include//diablo_utils
[19.777s] -- Installing: /home/diablo/catkin_ws/install/diablo_utils/include//diablo_utils/VulcanSerial
[19.777s] -- Installing: /home/diablo/catkin_ws/install/diablo_utils/include//diablo_utils/VulcanSerial/Exception.hpp
[19.778s] -- Installing: /home/diablo/catkin_ws/install/diablo_utils/include//diablo_utils/VulcanSerial/SerialPort.hpp
[19.779s] -- Installing: /home/diablo/catkin_ws/install/diablo_utils/include//diablo_utils/diablo_tools
[19.780s] -- Installing: /home/diablo/catkin_ws/install/diablo_utils/include//diablo_utils/diablo_tools/osdk_ddj_m15.hpp
[19.780s] -- Installing: /home/diablo/catkin_ws/install/diablo_utils/include//diablo_utils/diablo_tools/osdk_hal.hpp
[19.781s] -- Installing: /home/diablo/catkin_ws/install/diablo_utils/include//diablo_utils/diablo_tools/onboard_sdk_uart_protocol.h
[19.782s] -- Installing: /home/diablo/catkin_ws/install/diablo_utils/include//diablo_utils/diablo_tools/osdk_crc.hpp
[19.783s] -- Installing: /home/diablo/catkin_ws/install/diablo_utils/include//diablo_utils/diablo_tools/osdk_header.hpp
[19.784s] -- Installing: /home/diablo/catkin_ws/install/diablo_utils/include//diablo_utils/diablo_tools/osdk_movement.hpp
[19.785s] -- Installing: /home/diablo/catkin_ws/install/diablo_utils/include//diablo_utils/diablo_tools/osdk_virtual_rc.hpp
[19.786s] -- Installing: /home/diablo/catkin_ws/install/diablo_utils/include//diablo_utils/diablo_tools/osdk_vehicle.hpp
[19.787s] -- Installing: /home/diablo/catkin_ws/install/diablo_utils/include//diablo_utils/diablo_tools/osdk_telemetry.hpp
[19.789s] -- Installing: /home/diablo/catkin_ws/install/diablo_utils/lib/libdiablo_utils_core.so
[19.794s] -- Set runtime path of "/home/diablo/catkin_ws/install/diablo_utils/lib/libdiablo_utils_core.so" to ""
[19.794s] -- Installing: /home/diablo/catkin_ws/install/diablo_utils/share/diablo_utils/environment/library_path.sh
[19.796s] -- Installing: /home/diablo/catkin_ws/install/diablo_utils/share/diablo_utils/environment/library_path.dsv
[19.798s] -- Installing: /home/diablo/catkin_ws/install/diablo_utils/share/ament_index/resource_index/package_run_dependencies/diablo_utils
[19.800s] -- Installing: /home/diablo/catkin_ws/install/diablo_utils/share/ament_index/resource_index/parent_prefix_path/diablo_utils
[19.801s] -- Installing: /home/diablo/catkin_ws/install/diablo_utils/share/diablo_utils/environment/ament_prefix_path.sh
[19.802s] -- Installing: /home/diablo/catkin_ws/install/diablo_utils/share/diablo_utils/environment/ament_prefix_path.dsv
[19.804s] -- Installing: /home/diablo/catkin_ws/install/diablo_utils/share/diablo_utils/environment/path.sh
[19.805s] -- Installing: /home/diablo/catkin_ws/install/diablo_utils/share/diablo_utils/environment/path.dsv
[19.806s] -- Installing: /home/diablo/catkin_ws/install/diablo_utils/share/diablo_utils/local_setup.bash
[19.808s] -- Installing: /home/diablo/catkin_ws/install/diablo_utils/share/diablo_utils/local_setup.sh
[19.809s] -- Installing: /home/diablo/catkin_ws/install/diablo_utils/share/diablo_utils/local_setup.zsh
[19.810s] -- Installing: /home/diablo/catkin_ws/install/diablo_utils/share/diablo_utils/local_setup.dsv
[19.812s] -- Installing: /home/diablo/catkin_ws/install/diablo_utils/share/diablo_utils/package.dsv
[19.813s] -- Installing: /home/diablo/catkin_ws/install/diablo_utils/share/ament_index/resource_index/packages/diablo_utils
[19.815s] -- Installing: /home/diablo/catkin_ws/install/diablo_utils/share/diablo_utils/cmake/ament_cmake_export_include_directories-extras.cmake
[19.817s] -- Installing: /home/diablo/catkin_ws/install/diablo_utils/share/diablo_utils/cmake/ament_cmake_export_libraries-extras.cmake
[19.818s] -- Installing: /home/diablo/catkin_ws/install/diablo_utils/share/diablo_utils/cmake/ament_cmake_export_dependencies-extras.cmake
[19.819s] -- Installing: /home/diablo/catkin_ws/install/diablo_utils/share/diablo_utils/cmake/diablo_utilsConfig.cmake
[19.820s] -- Installing: /home/diablo/catkin_ws/install/diablo_utils/share/diablo_utils/cmake/diablo_utilsConfig-version.cmake
[19.822s] -- Installing: /home/diablo/catkin_ws/install/diablo_utils/share/diablo_utils/package.xml
[19.834s] Invoked command in '/home/diablo/catkin_ws/build/diablo_utils' returned '0': AMENT_PREFIX_PATH=/home/diablo/catkin_ws/install/motion_msgs:${AMENT_PREFIX_PATH} CMAKE_PREFIX_PATH=/home/diablo/catkin_ws/install/motion_msgs:/opt/ros/foxy LD_LIBRARY_PATH=/home/diablo/catkin_ws/install/motion_msgs/lib:${LD_LIBRARY_PATH} PYTHONPATH=/home/diablo/catkin_ws/install/motion_msgs/lib/python3.8/site-packages:${PYTHONPATH} /usr/bin/cmake --install /home/diablo/catkin_ws/build/diablo_utils
