-- The C compiler identification is GNU 9.4.0
-- The CXX compiler identification is GNU 9.4.0
-- Check for working C compiler: /usr/bin/cc
-- Check for working C compiler: /usr/bin/cc -- works
-- Detecting C compiler ABI info
-- Detecting C compiler ABI info - done
-- Detecting C compile features
-- Detecting C compile features - done
-- Check for working CXX compiler: /usr/bin/c++
-- Check for working CXX compiler: /usr/bin/c++ -- works
-- Detecting CXX compiler ABI info
-- Detecting CXX compiler ABI info - done
-- Detecting CXX compile features
-- Detecting CXX compile features - done
-- Found rclcpp: 2.4.1 (/opt/ros/foxy/share/rclcpp/cmake)
-- Found PythonInterp: /usr/bin/python3 (found suitable version "3.8.10", minimum required is "3") 
-- Using PYTHON_EXECUTABLE: /usr/bin/python3
-- Using all available rosidl_typesupport_c: rosidl_typesupport_fastrtps_c;rosidl_typesupport_introspection_c
-- Found rosidl_adapter: 1.2.1 (/opt/ros/foxy/share/rosidl_adapter/cmake)
-- Found OpenSSL: /usr/lib/aarch64-linux-gnu/libcrypto.so (found version "1.1.1f")  
-- Found FastRTPS: /opt/ros/foxy/include  
-- Using all available rosidl_typesupport_cpp: rosidl_typesupport_fastrtps_cpp;rosidl_typesupport_introspection_cpp
-- Found rmw_implementation_cmake: 1.0.3 (/opt/ros/foxy/share/rmw_implementation_cmake/cmake)
-- Using RMW implementation 'rmw_fastrtps_cpp' as default
-- Looking for pthread.h
-- Looking for pthread.h - found
-- Performing Test CMAKE_HAVE_LIBC_PTHREAD
-- Performing Test CMAKE_HAVE_LIBC_PTHREAD - Failed
-- Looking for pthread_create in pthreads
-- Looking for pthread_create in pthreads - not found
-- Looking for pthread_create in pthread
-- Looking for pthread_create in pthread - found
-- Found Threads: TRUE  
-- Found diablo_body: 1.0.0 (/home/diablo/catkin_ws/install/diablo_body/share/diablo_body/cmake)
-- Found ament_lint_auto: 0.9.6 (/opt/ros/foxy/share/ament_lint_auto/cmake)
-- Added test 'copyright' to check source files copyright and LICENSE
-- Added test 'cppcheck' to perform static code analysis on C / C++ code
-- Configured cppcheck include dirs: /home/diablo/catkin_ws/src/diablo_sdk_v2/diablo_interaction/diablo_ctrl/include
-- Configured cppcheck exclude dirs and/or files: 
-- Added test 'cpplint' to check C / C++ code against the Google style
-- Configured cpplint exclude dirs and/or files: 
-- Added test 'lint_cmake' to check CMake code style
-- Added test 'uncrustify' to check C / C++ code style
-- Configured uncrustify additional arguments: 
-- Added test 'xmllint' to check XML markup files
-- Configuring done
-- Generating done
-- Build files have been written to: /home/diablo/catkin_ws/build/diablo_ctrl
[35m[1mScanning dependencies of target diablo_ctrl_node[0m
[ 50%] [32mBuilding CXX object CMakeFiles/diablo_ctrl_node.dir/src/diablo_ctrl.cpp.o[0m
[100%] [32m[1mLinking CXX executable diablo_ctrl_node[0m
[100%] Built target diablo_ctrl_node
-- Install configuration: ""
-- Installing: /home/diablo/catkin_ws/install/diablo_ctrl/lib/diablo_ctrl/diablo_ctrl_node
-- Set runtime path of "/home/diablo/catkin_ws/install/diablo_ctrl/lib/diablo_ctrl/diablo_ctrl_node" to ""
-- Installing: /home/diablo/catkin_ws/install/diablo_ctrl/include/diablo_ctrl
-- Installing: /home/diablo/catkin_ws/install/diablo_ctrl/include/diablo_ctrl/diablo_ctrl.hpp
-- Installing: /home/diablo/catkin_ws/install/diablo_ctrl/share/ament_index/resource_index/package_run_dependencies/diablo_ctrl
-- Installing: /home/diablo/catkin_ws/install/diablo_ctrl/share/ament_index/resource_index/parent_prefix_path/diablo_ctrl
-- Installing: /home/diablo/catkin_ws/install/diablo_ctrl/share/diablo_ctrl/environment/ament_prefix_path.sh
-- Installing: /home/diablo/catkin_ws/install/diablo_ctrl/share/diablo_ctrl/environment/ament_prefix_path.dsv
-- Installing: /home/diablo/catkin_ws/install/diablo_ctrl/share/diablo_ctrl/environment/path.sh
-- Installing: /home/diablo/catkin_ws/install/diablo_ctrl/share/diablo_ctrl/environment/path.dsv
-- Installing: /home/diablo/catkin_ws/install/diablo_ctrl/share/diablo_ctrl/local_setup.bash
-- Installing: /home/diablo/catkin_ws/install/diablo_ctrl/share/diablo_ctrl/local_setup.sh
-- Installing: /home/diablo/catkin_ws/install/diablo_ctrl/share/diablo_ctrl/local_setup.zsh
-- Installing: /home/diablo/catkin_ws/install/diablo_ctrl/share/diablo_ctrl/local_setup.dsv
-- Installing: /home/diablo/catkin_ws/install/diablo_ctrl/share/diablo_ctrl/package.dsv
-- Installing: /home/diablo/catkin_ws/install/diablo_ctrl/share/ament_index/resource_index/packages/diablo_ctrl
-- Installing: /home/diablo/catkin_ws/install/diablo_ctrl/share/diablo_ctrl/cmake/ament_cmake_export_include_directories-extras.cmake
-- Installing: /home/diablo/catkin_ws/install/diablo_ctrl/share/diablo_ctrl/cmake/ament_cmake_export_dependencies-extras.cmake
-- Installing: /home/diablo/catkin_ws/install/diablo_ctrl/share/diablo_ctrl/cmake/diablo_ctrlConfig.cmake
-- Installing: /home/diablo/catkin_ws/install/diablo_ctrl/share/diablo_ctrl/cmake/diablo_ctrlConfig-version.cmake
-- Installing: /home/diablo/catkin_ws/install/diablo_ctrl/share/diablo_ctrl/package.xml
