[0.076s] Invoking command in '/home/diablo/catkin_ws/build/diablo_ctrl': AMENT_PREFIX_PATH=/home/diablo/catkin_ws/install/diablo_body:/home/diablo/catkin_ws/install/diablo_utils:/home/diablo/catkin_ws/install/motion_msgs:${AMENT_PREFIX_PATH} CMAKE_PREFIX_PATH=/home/diablo/catkin_ws/install/diablo_body:/home/diablo/catkin_ws/install/diablo_utils:/home/diablo/catkin_ws/install/motion_msgs:/opt/ros/foxy LD_LIBRARY_PATH=/home/diablo/catkin_ws/install/diablo_body/lib:/home/diablo/catkin_ws/install/diablo_utils/lib:/home/diablo/catkin_ws/install/motion_msgs/lib:${LD_LIBRARY_PATH} PYTHONPATH=/home/diablo/catkin_ws/install/motion_msgs/lib/python3.8/site-packages:${PYTHONPATH} /usr/bin/cmake /home/diablo/catkin_ws/src/diablo_sdk_v2/diablo_interaction/diablo_ctrl -DCMAKE_INSTALL_PREFIX=/home/diablo/catkin_ws/install/diablo_ctrl
[0.362s] -- The C compiler identification is GNU 9.4.0
[0.626s] -- The CXX compiler identification is GNU 9.4.0
[0.649s] -- Check for working C compiler: /usr/bin/cc
[1.014s] -- Check for working C compiler: /usr/bin/cc -- works
[1.018s] -- Detecting C compiler ABI info
[1.363s] -- Detecting C compiler ABI info - done
[1.404s] -- Detecting C compile features
[1.406s] -- Detecting C compile features - done
[1.416s] -- Check for working CXX compiler: /usr/bin/c++
[1.792s] -- Check for working CXX compiler: /usr/bin/c++ -- works
[1.797s] -- Detecting CXX compiler ABI info
[2.175s] -- Detecting CXX compiler ABI info - done
[2.221s] -- Detecting CXX compile features
[2.224s] -- Detecting CXX compile features - done
[2.246s] -- Found rclcpp: 2.4.1 (/opt/ros/foxy/share/rclcpp/cmake)
[2.379s] -- Found PythonInterp: /usr/bin/python3 (found suitable version "3.8.10", minimum required is "3") 
[2.379s] -- Using PYTHON_EXECUTABLE: /usr/bin/python3
[4.299s] -- Using all available rosidl_typesupport_c: rosidl_typesupport_fastrtps_c;rosidl_typesupport_introspection_c
[4.369s] -- Found rosidl_adapter: 1.2.1 (/opt/ros/foxy/share/rosidl_adapter/cmake)
[5.050s] -- Found OpenSSL: /usr/lib/aarch64-linux-gnu/libcrypto.so (found version "1.1.1f")  
[5.371s] -- Found FastRTPS: /opt/ros/foxy/include  
[6.095s] -- Using all available rosidl_typesupport_cpp: rosidl_typesupport_fastrtps_cpp;rosidl_typesupport_introspection_cpp
[6.424s] -- Found rmw_implementation_cmake: 1.0.3 (/opt/ros/foxy/share/rmw_implementation_cmake/cmake)
[6.432s] -- Using RMW implementation 'rmw_fastrtps_cpp' as default
[6.437s] -- Looking for pthread.h
[6.800s] -- Looking for pthread.h - found
[6.801s] -- Performing Test CMAKE_HAVE_LIBC_PTHREAD
[7.188s] -- Performing Test CMAKE_HAVE_LIBC_PTHREAD - Failed
[7.189s] -- Looking for pthread_create in pthreads
[7.484s] -- Looking for pthread_create in pthreads - not found
[7.485s] -- Looking for pthread_create in pthread
[7.827s] -- Looking for pthread_create in pthread - found
[7.832s] -- Found Threads: TRUE  
[8.608s] -- Found diablo_body: 1.0.0 (/home/diablo/catkin_ws/install/diablo_body/share/diablo_body/cmake)
[9.677s] -- Found ament_lint_auto: 0.9.6 (/opt/ros/foxy/share/ament_lint_auto/cmake)
[10.188s] -- Added test 'copyright' to check source files copyright and LICENSE
[10.200s] -- Added test 'cppcheck' to perform static code analysis on C / C++ code
[10.200s] -- Configured cppcheck include dirs: /home/diablo/catkin_ws/src/diablo_sdk_v2/diablo_interaction/diablo_ctrl/include
[10.201s] -- Configured cppcheck exclude dirs and/or files: 
[10.204s] -- Added test 'cpplint' to check C / C++ code against the Google style
[10.205s] -- Configured cpplint exclude dirs and/or files: 
[10.209s] -- Added test 'lint_cmake' to check CMake code style
[10.215s] -- Added test 'uncrustify' to check C / C++ code style
[10.216s] -- Configured uncrustify additional arguments: 
[10.218s] -- Added test 'xmllint' to check XML markup files
[10.252s] -- Configuring done
[10.349s] -- Generating done
[10.357s] -- Build files have been written to: /home/diablo/catkin_ws/build/diablo_ctrl
[10.396s] Invoked command in '/home/diablo/catkin_ws/build/diablo_ctrl' returned '0': AMENT_PREFIX_PATH=/home/diablo/catkin_ws/install/diablo_body:/home/diablo/catkin_ws/install/diablo_utils:/home/diablo/catkin_ws/install/motion_msgs:${AMENT_PREFIX_PATH} CMAKE_PREFIX_PATH=/home/diablo/catkin_ws/install/diablo_body:/home/diablo/catkin_ws/install/diablo_utils:/home/diablo/catkin_ws/install/motion_msgs:/opt/ros/foxy LD_LIBRARY_PATH=/home/diablo/catkin_ws/install/diablo_body/lib:/home/diablo/catkin_ws/install/diablo_utils/lib:/home/diablo/catkin_ws/install/motion_msgs/lib:${LD_LIBRARY_PATH} PYTHONPATH=/home/diablo/catkin_ws/install/motion_msgs/lib/python3.8/site-packages:${PYTHONPATH} /usr/bin/cmake /home/diablo/catkin_ws/src/diablo_sdk_v2/diablo_interaction/diablo_ctrl -DCMAKE_INSTALL_PREFIX=/home/diablo/catkin_ws/install/diablo_ctrl
[10.410s] Invoking command in '/home/diablo/catkin_ws/build/diablo_ctrl': AMENT_PREFIX_PATH=/home/diablo/catkin_ws/install/diablo_body:/home/diablo/catkin_ws/install/diablo_utils:/home/diablo/catkin_ws/install/motion_msgs:${AMENT_PREFIX_PATH} CMAKE_PREFIX_PATH=/home/diablo/catkin_ws/install/diablo_body:/home/diablo/catkin_ws/install/diablo_utils:/home/diablo/catkin_ws/install/motion_msgs:/opt/ros/foxy LD_LIBRARY_PATH=/home/diablo/catkin_ws/install/diablo_body/lib:/home/diablo/catkin_ws/install/diablo_utils/lib:/home/diablo/catkin_ws/install/motion_msgs/lib:${LD_LIBRARY_PATH} PYTHONPATH=/home/diablo/catkin_ws/install/motion_msgs/lib/python3.8/site-packages:${PYTHONPATH} /usr/bin/cmake --build /home/diablo/catkin_ws/build/diablo_ctrl -- -j4 -l4
[10.617s] [35m[1mScanning dependencies of target diablo_ctrl_node[0m
[10.862s] [ 50%] [32mBuilding CXX object CMakeFiles/diablo_ctrl_node.dir/src/diablo_ctrl.cpp.o[0m
[33.863s] [100%] [32m[1mLinking CXX executable diablo_ctrl_node[0m
[35.653s] [100%] Built target diablo_ctrl_node
[35.702s] Invoked command in '/home/diablo/catkin_ws/build/diablo_ctrl' returned '0': AMENT_PREFIX_PATH=/home/diablo/catkin_ws/install/diablo_body:/home/diablo/catkin_ws/install/diablo_utils:/home/diablo/catkin_ws/install/motion_msgs:${AMENT_PREFIX_PATH} CMAKE_PREFIX_PATH=/home/diablo/catkin_ws/install/diablo_body:/home/diablo/catkin_ws/install/diablo_utils:/home/diablo/catkin_ws/install/motion_msgs:/opt/ros/foxy LD_LIBRARY_PATH=/home/diablo/catkin_ws/install/diablo_body/lib:/home/diablo/catkin_ws/install/diablo_utils/lib:/home/diablo/catkin_ws/install/motion_msgs/lib:${LD_LIBRARY_PATH} PYTHONPATH=/home/diablo/catkin_ws/install/motion_msgs/lib/python3.8/site-packages:${PYTHONPATH} /usr/bin/cmake --build /home/diablo/catkin_ws/build/diablo_ctrl -- -j4 -l4
[35.828s] Invoking command in '/home/diablo/catkin_ws/build/diablo_ctrl': AMENT_PREFIX_PATH=/home/diablo/catkin_ws/install/diablo_body:/home/diablo/catkin_ws/install/diablo_utils:/home/diablo/catkin_ws/install/motion_msgs:${AMENT_PREFIX_PATH} CMAKE_PREFIX_PATH=/home/diablo/catkin_ws/install/diablo_body:/home/diablo/catkin_ws/install/diablo_utils:/home/diablo/catkin_ws/install/motion_msgs:/opt/ros/foxy LD_LIBRARY_PATH=/home/diablo/catkin_ws/install/diablo_body/lib:/home/diablo/catkin_ws/install/diablo_utils/lib:/home/diablo/catkin_ws/install/motion_msgs/lib:${LD_LIBRARY_PATH} PYTHONPATH=/home/diablo/catkin_ws/install/motion_msgs/lib/python3.8/site-packages:${PYTHONPATH} /usr/bin/cmake --install /home/diablo/catkin_ws/build/diablo_ctrl
[35.872s] -- Install configuration: ""
[35.872s] -- Installing: /home/diablo/catkin_ws/install/diablo_ctrl/lib/diablo_ctrl/diablo_ctrl_node
[35.888s] -- Set runtime path of "/home/diablo/catkin_ws/install/diablo_ctrl/lib/diablo_ctrl/diablo_ctrl_node" to ""
[35.889s] -- Installing: /home/diablo/catkin_ws/install/diablo_ctrl/include/diablo_ctrl
[35.889s] -- Installing: /home/diablo/catkin_ws/install/diablo_ctrl/include/diablo_ctrl/diablo_ctrl.hpp
[35.891s] -- Installing: /home/diablo/catkin_ws/install/diablo_ctrl/share/ament_index/resource_index/package_run_dependencies/diablo_ctrl
[35.893s] -- Installing: /home/diablo/catkin_ws/install/diablo_ctrl/share/ament_index/resource_index/parent_prefix_path/diablo_ctrl
[35.895s] -- Installing: /home/diablo/catkin_ws/install/diablo_ctrl/share/diablo_ctrl/environment/ament_prefix_path.sh
[35.896s] -- Installing: /home/diablo/catkin_ws/install/diablo_ctrl/share/diablo_ctrl/environment/ament_prefix_path.dsv
[35.897s] -- Installing: /home/diablo/catkin_ws/install/diablo_ctrl/share/diablo_ctrl/environment/path.sh
[35.899s] -- Installing: /home/diablo/catkin_ws/install/diablo_ctrl/share/diablo_ctrl/environment/path.dsv
[35.900s] -- Installing: /home/diablo/catkin_ws/install/diablo_ctrl/share/diablo_ctrl/local_setup.bash
[35.901s] -- Installing: /home/diablo/catkin_ws/install/diablo_ctrl/share/diablo_ctrl/local_setup.sh
[35.902s] -- Installing: /home/diablo/catkin_ws/install/diablo_ctrl/share/diablo_ctrl/local_setup.zsh
[35.904s] -- Installing: /home/diablo/catkin_ws/install/diablo_ctrl/share/diablo_ctrl/local_setup.dsv
[35.905s] -- Installing: /home/diablo/catkin_ws/install/diablo_ctrl/share/diablo_ctrl/package.dsv
[35.907s] -- Installing: /home/diablo/catkin_ws/install/diablo_ctrl/share/ament_index/resource_index/packages/diablo_ctrl
[35.908s] -- Installing: /home/diablo/catkin_ws/install/diablo_ctrl/share/diablo_ctrl/cmake/ament_cmake_export_include_directories-extras.cmake
[35.910s] -- Installing: /home/diablo/catkin_ws/install/diablo_ctrl/share/diablo_ctrl/cmake/ament_cmake_export_dependencies-extras.cmake
[35.911s] -- Installing: /home/diablo/catkin_ws/install/diablo_ctrl/share/diablo_ctrl/cmake/diablo_ctrlConfig.cmake
[35.912s] -- Installing: /home/diablo/catkin_ws/install/diablo_ctrl/share/diablo_ctrl/cmake/diablo_ctrlConfig-version.cmake
[35.914s] -- Installing: /home/diablo/catkin_ws/install/diablo_ctrl/share/diablo_ctrl/package.xml
[35.926s] Invoked command in '/home/diablo/catkin_ws/build/diablo_ctrl' returned '0': AMENT_PREFIX_PATH=/home/diablo/catkin_ws/install/diablo_body:/home/diablo/catkin_ws/install/diablo_utils:/home/diablo/catkin_ws/install/motion_msgs:${AMENT_PREFIX_PATH} CMAKE_PREFIX_PATH=/home/diablo/catkin_ws/install/diablo_body:/home/diablo/catkin_ws/install/diablo_utils:/home/diablo/catkin_ws/install/motion_msgs:/opt/ros/foxy LD_LIBRARY_PATH=/home/diablo/catkin_ws/install/diablo_body/lib:/home/diablo/catkin_ws/install/diablo_utils/lib:/home/diablo/catkin_ws/install/motion_msgs/lib:${LD_LIBRARY_PATH} PYTHONPATH=/home/diablo/catkin_ws/install/motion_msgs/lib/python3.8/site-packages:${PYTHONPATH} /usr/bin/cmake --install /home/diablo/catkin_ws/build/diablo_ctrl
