[0.056s] Invoking command in '/home/diablo/catkin_ws/build/diablo_body': AMENT_PREFIX_PATH=/home/diablo/catkin_ws/install/diablo_utils:/home/diablo/catkin_ws/install/motion_msgs:${AMENT_PREFIX_PATH} CMAKE_PREFIX_PATH=/home/diablo/catkin_ws/install/diablo_utils:/home/diablo/catkin_ws/install/motion_msgs:/opt/ros/foxy LD_LIBRARY_PATH=/home/diablo/catkin_ws/install/diablo_utils/lib:/home/diablo/catkin_ws/install/motion_msgs/lib:${LD_LIBRARY_PATH} PYTHONPATH=/home/diablo/catkin_ws/install/motion_msgs/lib/python3.8/site-packages:${PYTHONPATH} /usr/bin/cmake /home/diablo/catkin_ws/src/diablo_sdk_v2/diablo_ception/diablo_body -DCMAKE_INSTALL_PREFIX=/home/diablo/catkin_ws/install/diablo_body
[0.321s] -- The C compiler identification is GNU 9.4.0
[0.603s] -- The CXX compiler identification is GNU 9.4.0
[0.627s] -- Check for working C compiler: /usr/bin/cc
[0.957s] -- Check for working C compiler: /usr/bin/cc -- works
[0.960s] -- Detecting C compiler ABI info
[1.288s] -- Detecting C compiler ABI info - done
[1.329s] -- Detecting C compile features
[1.330s] -- Detecting C compile features - done
[1.339s] -- Check for working CXX compiler: /usr/bin/c++
[1.705s] -- Check for working CXX compiler: /usr/bin/c++ -- works
[1.709s] -- Detecting CXX compiler ABI info
[2.079s] -- Detecting CXX compiler ABI info - done
[2.124s] -- Detecting CXX compile features
[2.126s] -- Detecting CXX compile features - done
[2.151s] -- Found ament_cmake: 0.9.9 (/opt/ros/foxy/share/ament_cmake/cmake)
[2.335s] -- Found PythonInterp: /usr/bin/python3 (found suitable version "3.8.10", minimum required is "3") 
[2.336s] -- Using PYTHON_EXECUTABLE: /usr/bin/python3
[3.534s] -- Found rclcpp: 2.4.1 (/opt/ros/foxy/share/rclcpp/cmake)
[3.930s] -- Using all available rosidl_typesupport_c: rosidl_typesupport_fastrtps_c;rosidl_typesupport_introspection_c
[3.991s] -- Found rosidl_adapter: 1.2.1 (/opt/ros/foxy/share/rosidl_adapter/cmake)
[4.643s] -- Found OpenSSL: /usr/lib/aarch64-linux-gnu/libcrypto.so (found version "1.1.1f")  
[4.956s] -- Found FastRTPS: /opt/ros/foxy/include  
[5.677s] -- Using all available rosidl_typesupport_cpp: rosidl_typesupport_fastrtps_cpp;rosidl_typesupport_introspection_cpp
[5.978s] -- Found rmw_implementation_cmake: 1.0.3 (/opt/ros/foxy/share/rmw_implementation_cmake/cmake)
[5.985s] -- Using RMW implementation 'rmw_fastrtps_cpp' as default
[5.988s] -- Looking for pthread.h
[6.342s] -- Looking for pthread.h - found
[6.343s] -- Performing Test CMAKE_HAVE_LIBC_PTHREAD
[6.690s] -- Performing Test CMAKE_HAVE_LIBC_PTHREAD - Failed
[6.691s] -- Looking for pthread_create in pthreads
[7.031s] -- Looking for pthread_create in pthreads - not found
[7.032s] -- Looking for pthread_create in pthread
[7.366s] -- Looking for pthread_create in pthread - found
[7.371s] -- Found Threads: TRUE  
[8.106s] -- Found motion_msgs: 1.0.0 (/home/diablo/catkin_ws/install/motion_msgs/share/motion_msgs/cmake)
[8.293s] -- Found sensor_msgs: 2.0.5 (/opt/ros/foxy/share/sensor_msgs/cmake)
[8.849s] -- Found diablo_utils: 1.0.0 (/home/diablo/catkin_ws/install/diablo_utils/share/diablo_utils/cmake)
[8.940s] -- Found ament_lint_auto: 0.9.6 (/opt/ros/foxy/share/ament_lint_auto/cmake)
[9.387s] -- Found ament_cmake_gtest: 0.9.9 (/opt/ros/foxy/share/ament_cmake_gtest/cmake)
[9.414s] -- Added test 'copyright' to check source files copyright and LICENSE
[9.423s] -- Added test 'cppcheck' to perform static code analysis on C / C++ code
[9.424s] -- Configured cppcheck include dirs: /home/diablo/catkin_ws/src/diablo_sdk_v2/diablo_ception/diablo_body/include
[9.425s] -- Configured cppcheck exclude dirs and/or files: 
[9.433s] -- Added test 'cpplint' to check C / C++ code against the Google style
[9.433s] -- Configured cpplint exclude dirs and/or files: 
[9.438s] -- Added test 'lint_cmake' to check CMake code style
[9.447s] -- Added test 'uncrustify' to check C / C++ code style
[9.448s] -- Configured uncrustify additional arguments: 
[9.451s] -- Added test 'xmllint' to check XML markup files
[9.493s] -- Configuring done
[9.554s] -- Generating done
[9.562s] -- Build files have been written to: /home/diablo/catkin_ws/build/diablo_body
[9.601s] Invoked command in '/home/diablo/catkin_ws/build/diablo_body' returned '0': AMENT_PREFIX_PATH=/home/diablo/catkin_ws/install/diablo_utils:/home/diablo/catkin_ws/install/motion_msgs:${AMENT_PREFIX_PATH} CMAKE_PREFIX_PATH=/home/diablo/catkin_ws/install/diablo_utils:/home/diablo/catkin_ws/install/motion_msgs:/opt/ros/foxy LD_LIBRARY_PATH=/home/diablo/catkin_ws/install/diablo_utils/lib:/home/diablo/catkin_ws/install/motion_msgs/lib:${LD_LIBRARY_PATH} PYTHONPATH=/home/diablo/catkin_ws/install/motion_msgs/lib/python3.8/site-packages:${PYTHONPATH} /usr/bin/cmake /home/diablo/catkin_ws/src/diablo_sdk_v2/diablo_ception/diablo_body -DCMAKE_INSTALL_PREFIX=/home/diablo/catkin_ws/install/diablo_body
[9.611s] Invoking command in '/home/diablo/catkin_ws/build/diablo_body': AMENT_PREFIX_PATH=/home/diablo/catkin_ws/install/diablo_utils:/home/diablo/catkin_ws/install/motion_msgs:${AMENT_PREFIX_PATH} CMAKE_PREFIX_PATH=/home/diablo/catkin_ws/install/diablo_utils:/home/diablo/catkin_ws/install/motion_msgs:/opt/ros/foxy LD_LIBRARY_PATH=/home/diablo/catkin_ws/install/diablo_utils/lib:/home/diablo/catkin_ws/install/motion_msgs/lib:${LD_LIBRARY_PATH} PYTHONPATH=/home/diablo/catkin_ws/install/motion_msgs/lib/python3.8/site-packages:${PYTHONPATH} /usr/bin/cmake --build /home/diablo/catkin_ws/build/diablo_body -- -j4 -l4
[9.810s] [35m[1mScanning dependencies of target diablo_body_core[0m
[10.325s] [ 25%] [32mBuilding CXX object CMakeFiles/diablo_body_core.dir/src/diablo_imu.cpp.o[0m
[10.327s] [ 50%] [32mBuilding CXX object CMakeFiles/diablo_body_core.dir/src/diablo_battery.cpp.o[0m
[10.331s] [ 75%] [32mBuilding CXX object CMakeFiles/diablo_body_core.dir/src/diablo_legmotors.cpp.o[0m
[28.577s] [100%] [32m[1mLinking CXX shared library libdiablo_body_core.so[0m
[29.996s] [100%] Built target diablo_body_core
[30.053s] Invoked command in '/home/diablo/catkin_ws/build/diablo_body' returned '0': AMENT_PREFIX_PATH=/home/diablo/catkin_ws/install/diablo_utils:/home/diablo/catkin_ws/install/motion_msgs:${AMENT_PREFIX_PATH} CMAKE_PREFIX_PATH=/home/diablo/catkin_ws/install/diablo_utils:/home/diablo/catkin_ws/install/motion_msgs:/opt/ros/foxy LD_LIBRARY_PATH=/home/diablo/catkin_ws/install/diablo_utils/lib:/home/diablo/catkin_ws/install/motion_msgs/lib:${LD_LIBRARY_PATH} PYTHONPATH=/home/diablo/catkin_ws/install/motion_msgs/lib/python3.8/site-packages:${PYTHONPATH} /usr/bin/cmake --build /home/diablo/catkin_ws/build/diablo_body -- -j4 -l4
[30.198s] Invoking command in '/home/diablo/catkin_ws/build/diablo_body': AMENT_PREFIX_PATH=/home/diablo/catkin_ws/install/diablo_utils:/home/diablo/catkin_ws/install/motion_msgs:${AMENT_PREFIX_PATH} CMAKE_PREFIX_PATH=/home/diablo/catkin_ws/install/diablo_utils:/home/diablo/catkin_ws/install/motion_msgs:/opt/ros/foxy LD_LIBRARY_PATH=/home/diablo/catkin_ws/install/diablo_utils/lib:/home/diablo/catkin_ws/install/motion_msgs/lib:${LD_LIBRARY_PATH} PYTHONPATH=/home/diablo/catkin_ws/install/motion_msgs/lib/python3.8/site-packages:${PYTHONPATH} /usr/bin/cmake --install /home/diablo/catkin_ws/build/diablo_body
[30.237s] -- Install configuration: ""
[30.238s] -- Installing: /home/diablo/catkin_ws/install/diablo_body/include/
[30.238s] -- Installing: /home/diablo/catkin_ws/install/diablo_body/include//diablo_battery.hpp
[30.239s] -- Installing: /home/diablo/catkin_ws/install/diablo_body/include//diablo_legmotors.hpp
[30.240s] -- Installing: /home/diablo/catkin_ws/install/diablo_body/include//diablo_imu.hpp
[30.242s] -- Installing: /home/diablo/catkin_ws/install/diablo_body/lib/libdiablo_body_core.so
[30.258s] -- Set runtime path of "/home/diablo/catkin_ws/install/diablo_body/lib/libdiablo_body_core.so" to ""
[30.258s] -- Installing: /home/diablo/catkin_ws/install/diablo_body/share/diablo_body/environment/library_path.sh
[30.260s] -- Installing: /home/diablo/catkin_ws/install/diablo_body/share/diablo_body/environment/library_path.dsv
[30.262s] -- Installing: /home/diablo/catkin_ws/install/diablo_body/share/ament_index/resource_index/package_run_dependencies/diablo_body
[30.264s] -- Installing: /home/diablo/catkin_ws/install/diablo_body/share/ament_index/resource_index/parent_prefix_path/diablo_body
[30.266s] -- Installing: /home/diablo/catkin_ws/install/diablo_body/share/diablo_body/environment/ament_prefix_path.sh
[30.267s] -- Installing: /home/diablo/catkin_ws/install/diablo_body/share/diablo_body/environment/ament_prefix_path.dsv
[30.269s] -- Installing: /home/diablo/catkin_ws/install/diablo_body/share/diablo_body/environment/path.sh
[30.270s] -- Installing: /home/diablo/catkin_ws/install/diablo_body/share/diablo_body/environment/path.dsv
[30.271s] -- Installing: /home/diablo/catkin_ws/install/diablo_body/share/diablo_body/local_setup.bash
[30.273s] -- Installing: /home/diablo/catkin_ws/install/diablo_body/share/diablo_body/local_setup.sh
[30.275s] -- Installing: /home/diablo/catkin_ws/install/diablo_body/share/diablo_body/local_setup.zsh
[30.276s] -- Installing: /home/diablo/catkin_ws/install/diablo_body/share/diablo_body/local_setup.dsv
[30.278s] -- Installing: /home/diablo/catkin_ws/install/diablo_body/share/diablo_body/package.dsv
[30.280s] -- Installing: /home/diablo/catkin_ws/install/diablo_body/share/ament_index/resource_index/packages/diablo_body
[30.281s] -- Installing: /home/diablo/catkin_ws/install/diablo_body/share/diablo_body/cmake/ament_cmake_export_include_directories-extras.cmake
[30.283s] -- Installing: /home/diablo/catkin_ws/install/diablo_body/share/diablo_body/cmake/ament_cmake_export_libraries-extras.cmake
[30.285s] -- Installing: /home/diablo/catkin_ws/install/diablo_body/share/diablo_body/cmake/ament_cmake_export_dependencies-extras.cmake
[30.287s] -- Installing: /home/diablo/catkin_ws/install/diablo_body/share/diablo_body/cmake/diablo_bodyConfig.cmake
[30.288s] -- Installing: /home/diablo/catkin_ws/install/diablo_body/share/diablo_body/cmake/diablo_bodyConfig-version.cmake
[30.290s] -- Installing: /home/diablo/catkin_ws/install/diablo_body/share/diablo_body/package.xml
[30.303s] Invoked command in '/home/diablo/catkin_ws/build/diablo_body' returned '0': AMENT_PREFIX_PATH=/home/diablo/catkin_ws/install/diablo_utils:/home/diablo/catkin_ws/install/motion_msgs:${AMENT_PREFIX_PATH} CMAKE_PREFIX_PATH=/home/diablo/catkin_ws/install/diablo_utils:/home/diablo/catkin_ws/install/motion_msgs:/opt/ros/foxy LD_LIBRARY_PATH=/home/diablo/catkin_ws/install/diablo_utils/lib:/home/diablo/catkin_ws/install/motion_msgs/lib:${LD_LIBRARY_PATH} PYTHONPATH=/home/diablo/catkin_ws/install/motion_msgs/lib/python3.8/site-packages:${PYTHONPATH} /usr/bin/cmake --install /home/diablo/catkin_ws/build/diablo_body
